Comunidade	Coeficiente	Precisão (%)
POT1, SYNE2, TINF2	1.0	0.33
EGF, PDGFRB, YES1	0.97	0.33
CBL, JAK1, VAV1	0.96	1.0
ABI1, CYFIP2, WASF2	0.96	0.33
MYH9, POTEKP, VCL	0.94	0.33
CLSPN, HUS1, WRN	0.94	0.33
NTRK1, RAP1A, YWHAB	0.94	0.33
IL4R, SOS2, STAT6	0.93	0.33
RB1, TP73, YAP1	0.93	0.33
AURKA, MAP2K1, YWHAG	0.92	0.33
CCND2, CDK6, RBL2	0.91	0.67
CLSPN, RAD9A, WRN	0.91	0.33
NF1, PRKCI, STAT6	0.9	0.67
ERBB3, MET, ZAP70	0.89	0.67
ABI1, CYFIP1, WASF2	0.89	0.33
IL6ST, STAT2, TYK2	0.89	0.33
BTK, HCK, ZAP70	0.89	0.33
LCK, PRKCD, YES1	0.89	0.33
RAD17, TIMELESS, WRN	0.88	0.67
BTK, FGR, ZAP70	0.88	0.33
LCK, PDGFB, YES1	0.87	0.67
BTK, NCK1, YES1	0.87	0.33
HNF1A, NLK, TLE1	0.87	0.33
ACTBL2, AFDN, TLN1	0.87	0.33
BTK, IGKC, VAV3	0.86	0.33
SFN, TSC1, YWHAH	0.86	0.33
CASP8, FADD, TRIM25	0.86	0.33
EPO, EPOR, TEC	0.85	0.33
AP2M1, CLTCL1, YWHAH	0.84	0.33
SFN, TSC2, YWHAH	0.84	0.33
KIT, SHC3, ZAP70	0.84	0.33
BMP7, TGFBR1, TGFBR2	0.84	0.33
MAPK6, PRKAR1A, SRPK1	0.84	0.33
AP2A1, CLTCL1, WNT5A	0.84	0.33
CHRM2, CLTCL1, WASL	0.84	0.33
AP2A2, CLTCL1, WNT5A	0.84	0.33
CTBP1, SMAD1, ZEB1	0.84	0.33
BCL6, IRF8, ZBTB17	0.84	0.33
IFNG, IL6ST, TYK2	0.84	0.33
BAX, SIRT1, XRCC6	0.83	0.33
ID3, ID4, MYF6	0.83	0.33
CTNNA2, YWHAG, YWHAZ	0.83	0.33
NCOR1, SIN3A, WDR5	0.83	0.33
ANK1, FOLR1, YKT6	0.83	0.33
FOXA1, MDM2, YY1	0.82	0.67
CLTCL1, IL7R, WASL	0.82	0.67
AREG, ERBB4, YAP1	0.82	0.33
CFTR, CLTCL1, WASL	0.82	0.33
MCF2L, NTF3, NTRK3	0.82	0.33
CDKN1B, FOXO3, YWHAH	0.81	0.67
HIST3H3, NBN, XRCC6	0.81	0.33
FGFR3, RASA1, WWP1	0.81	0.33
DNMT3A, GFI1, ZBTB17	0.81	0.33
FGFR4, RASA1, WWP1	0.81	0.33
PPARA, PPARG, VEGFA	0.81	0.33
FOXP3, NFATC1, NFATC2	0.81	0.33
PIK3C3, PLCD1, STAT6	0.81	0.33
DAB2, DNM2, OCRL, WASL	0.81	0.25
CLTCL1, DNM2, WNT5A	0.8	0.67
DNM2, RAB5A, STAM2, WASL	0.8	0.25
DNM2, OCRL, VAMP8, WASL	0.8	0.25
FGFR2, RASA1, WWP1	0.79	0.33
HNRNPA2B1, HNRNPK, YBX1	0.79	0.33
CLTC, HSPA8, YWHAZ	0.79	0.33
CRK, CSF1R, YES1	0.79	0.33
GNAO1, RHOA, YES1	0.79	0.33
DNM2, OCRL, VAMP7, WASL	0.79	0.25
ICAM1, REL, RELB	0.78	0.33
EIF4E, MTOR, YWHAB	0.78	0.33
MED1, NCOA2, WNT10B	0.78	0.33
TGFB2, TGFBR1, TGFBR2	0.78	0.33
ERBB2, ERBB4, VEGFD	0.77	0.67
ABL1, ITGB2, YAP1	0.77	0.33
ETV4, MMP3, SPP1	0.77	0.33
NFATC1, NFATC2, VDAC3	0.77	0.33
ABI1, CYFIP2, NCKAP1L, WASF2	0.77	0.25
CBL, JAK2, YWHAZ	0.76	0.67
ATG9B, TFE3, TFEB	0.76	0.67
ABI1, NCKAP1, WASF2	0.76	0.33
CD3E, CD74, ZAP70	0.76	0.33
FOXO1, RAN, YWHAH	0.76	0.33
HLA-DQB2, PTPRC, ZAP70	0.76	0.33
AKT3, PDPK1, YWHAH	0.76	0.33
BRCA2, BRIP1, MLH1, TOP3A	0.75	0.75
CPSF1, DDX5, HNRNPA1, ISY1, SF3B1, SNRPD1, SNW1, ZRSR2	0.75	0.38
CASP3, CYCS, XIAP	0.75	0.33
HIF3A, LIMD1, VHL	0.75	0.33
EED, HCFC1, WDR5	0.75	0.33
MUC1, STAT5A, STAT5B	0.75	0.33
CPSF1, DDX5, HNRNPA1, ISY1, SF3B1, SNRPD2, SNW1, SRRT, ZRSR2	0.75	0.33
CD28, CD3E, ZAP70	0.75	0.33
CD247, VAV1, YES1, ZAP70	0.75	0.25
PTPRC, TRAV3, ZAP70	0.74	0.33
HSP90AA1, MTOR, YWHAG	0.74	0.33
DNM2, IGF2R, OCRL, WASL	0.74	0.25
IRS4, SOCS1, SOCS2	0.73	0.67
DDX5, HNRNPA1, HNRNPD, ISY1, SF3B1, SNW1, SRRT, SRSF6, ZRSR2	0.73	0.33
CASP7, CASP9, XIAP	0.73	0.33
PPP2CA, PPP2R1A, YWHAH	0.73	0.33
B2M, CD3E, ZAP70	0.73	0.33
CD209, LSP1, PLK3	0.73	0.33
DNM2, LDLR, OCRL, WASL	0.73	0.25
DNM2, OCRL, SYT2, WASL	0.73	0.25
DNM2, OCRL, TFRC, WASL	0.73	0.25
CBLC, SH3GL1, SH3GL3	0.72	0.67
SMARCD3, TBL1XR1, THRAP3	0.72	0.33
EPS15, FZD4, WNT5A	0.72	0.33
HLA-DRB3, PTPRC, ZAP70	0.72	0.33
HLA-DRB4, PTPRC, ZAP70	0.72	0.33
HLA-DRB5, PTPRC, ZAP70	0.72	0.33
IQGAP1, KDR, VEGFA	0.72	0.33
FGF6, IRAK1, MYD88	0.72	0.33
HLA-DPB1, PTPRC, ZAP70	0.72	0.33
FZD4, HIP1, WNT5A	0.72	0.33
AVPR2, DNM2, OCRL, WASL	0.72	0.25
DNM2, OCRL, SLC18A3, WASL	0.72	0.25
DNM2, M6PR, OCRL, WASL	0.72	0.25
DNM2, OCRL, TF, WASL	0.72	0.25
FGFR1, FGFR3, VEGFD	0.71	0.67
ATG9A, TFE3, TFEB	0.71	0.67
CYLD, TAB3, TNFAIP3	0.71	0.67
FGF5, IRAK1, MYD88	0.71	0.33
FGF8, IRAK1, MYD88	0.71	0.33
COPS2, COPS5, ZBTB16	0.71	0.33
EIF4G1, HSPB1, PABPC1	0.71	0.33
FGF17, IRAK1, MYD88	0.71	0.33
FGF20, IRAK1, MYD88	0.71	0.33
FGF9, IRAK1, MYD88	0.71	0.33
PSIP1, XRCC5, XRCC6	0.71	0.33
DDX5, DHX38, DHX8, HNRNPA1, ISY1, SF3B1, SNW1	0.71	0.29
DNM2, OCRL, STON2, WASL	0.71	0.25
SYK, VAV1, ZEB1	0.7	1.0
CCNE1, CDKN1B, TFDP2	0.7	0.67
EBF1, HELZ2, WNT10B	0.7	0.33
CNOT1, CNOT3, NANOS3	0.7	0.33
CCR4, CXCR6, XCR1	0.7	0.33
MAML2, RBPJL, TBX21	0.7	0.33
DDX5, HNRNPA1, HNRNPD, ISY1, PTBP1, SF3B1, SNRPB, SNW1, SRRT, U2AF2, ZRSR2	0.7	0.27
DDX5, HNRNPA1, HNRNPD, ISY1, PTBP1, SF3B1, SNRPG, SNW1, SRRT, U2AF2, ZRSR2	0.7	0.27
DNM2, EPS15L1, OCRL, WASL	0.7	0.25
CPSF1, DDX5, HNRNPA1, ISY1, SNW1, U2AF2, YBX1, ZRSR2	0.7	0.25
PIK3CB, PIK3R2, ZAP70	0.69	0.67
IL6R, IL6ST, TSLP	0.69	0.33
PIP5K1B, VCL, WAS	0.69	0.33
NSD2, PIAS4, XRCC6	0.69	0.33
MAPK1, MAPK3, YWHAZ	0.69	0.33
GNA11, GNA15, XCL2	0.69	0.33
BIRC3, FASLG, TRAF2	0.69	0.33
AHR, TBL1XR1, TGS1	0.69	0.33
ANP32A, SET, TNFSF13	0.69	0.33
EIF3A, PABPC1, RPSA	0.69	0.33
DDX5, HNRNPA1, HNRNPD, ISY1, PTBP1, SF3B1, SNRPD3, SNW1, SRRT, U2AF2, ZRSR2	0.69	0.27
DDX5, HNRNPA1, HNRNPD, ISY1, PTBP1, SF3B1, SNRPF, SNW1, SRRT, U2AF2, ZRSR2	0.69	0.27
DDX5, HNRNPA1, HNRNPA1L2, SF3B1, SNW1, U2AF1L4, U2AF1L5, XAB2, YBX1	0.69	0.22
FLT4, MAP2K4, VEGFD	0.68	0.67
CDKN2A, SUMO1, UBE2I, WRN	0.68	0.5
HES1, HEY1, RBPJL	0.68	0.33
E2F6, IRF2, ZEB1	0.68	0.33
LTA, LTB, TNFRSF14	0.68	0.33
BMP8B, TGFBR1, TGFBR2	0.68	0.33
AURKB, B9D2, CCNB1, KPNA3, RANBP2, SMC3, XPO1	0.68	0.29
DDX5, HNRNPD, PCF11, PRPF19, SNRPE, SNW1, SRSF3, ZC3H11A	0.68	0.25
MSH2, MSH6, PMS2	0.67	1.0
KIT, PTPN6, VAV1, VEGFA, ZEB1	0.67	0.8
ACVR1B, ACVR2A, TDGF1	0.67	0.67
PEBP1, PPP6C, YWHAH	0.67	0.33
CSNK1D, PPP2R1A, YWHAH	0.67	0.33
CPSF1, DDX5, HNRNPA1, LSM2, SF3B1, SNW1, U2AF2, XAB2, ZRSR2	0.67	0.33
BATF3, NFATC2, NFATC3	0.67	0.33
DVL1, DVL2, WWTR1	0.67	0.33
ACVR1, SMAD7, TGFBR1	0.67	0.33
BMP8A, TGFBR1, TGFBR2	0.67	0.33
CREB3L1, CREB3L4, ZNF516	0.67	0.33
COPS5, COPS6, ZBTB16	0.67	0.33
HRAS, ITGB3, PRKCB, SHC1, SOS1, YWHAH	0.67	0.33
AURKB, B9D2, CCNB1, KPNA5, RANBP2, SMC3, XPO1	0.67	0.29
FUS, HNRNPK, RBMX, YBX1	0.67	0.25
DNM2, OCRL, PICALM, WASL	0.67	0.25
LGR4, RSPO1, ZNRF3	0.66	0.33
ITK, TEC, V5-6	0.66	0.33
BTK, PRKCQ, ZAP70	0.66	0.33
PIP5K1C, VCL, WAS	0.66	0.33
BTG1, CNOT8, PABPC5	0.66	0.33
B2M, HLA-C, TYROBP	0.66	0.33
FLT1, KDR, VEGFD	0.66	0.33
NODAL, SNAI1, TGFBR1, TGFBR2	0.66	0.25
CD79B, PTEN, ZEB1	0.65	1.0
CD3G, CXCR4, HLA-DRA, LCK, PTPN6, VAV1, ZEB1	0.65	0.71
ARNT, COPS5, VHL	0.65	0.67
FGF2, HIF1A, TEK	0.65	0.33
MAF1, MECOM, SNAI2	0.65	0.33
EIF2S2, PABPC1, RPSA	0.65	0.33
AQR, CPSF1, DDX5, HNRNPA1, PRPF6, SF3B1, SNW1, U2AF2, ZRSR2	0.65	0.33
GNA11, GNA15, HRH1	0.65	0.33
CDH5, CTNND1, PTPRJ	0.65	0.33
FANCA, SLX1A, USP1	0.65	0.33
MYOG, NANOG, POU5F1	0.65	0.33
INHBB, SNAI1, TGFBR1, TGFBR2	0.65	0.25
HSPG2, KDR, NRP1, VEGFA	0.65	0.25
CD3G, VAV1, YES1, ZAP70	0.65	0.25
CDK4, CDKN1B, YWHAH	0.64	0.67
FGF4, PDGFRA, POU5F1	0.64	0.67
CEBPD, PIM1, SND1	0.64	0.67
CD247, CSK, HLA-DQA1, PTPN6, ZEB1	0.64	0.4
CD247, CSK, HLA-DQA2, PTPN6, ZEB1	0.64	0.4
CD247, CSK, HLA-DPA1, PTPN6, ZEB1	0.64	0.4
AKT1, EGFR, ESR1, HSP90AA1, SHC1, SOS1, STAT1, STRN	0.64	0.38
FANCE, SLX1A, USP1	0.64	0.33
EME1, FANCF, USP1	0.64	0.33
FANCC, SLX1A, USP1	0.64	0.33
BIRC2, NFKB2, XIAP	0.64	0.33
POLK, XPA, ZNF830	0.64	0.33
ACTC1, RHOJ, WAS	0.64	0.33
FAM20C, TNC, VCAN	0.64	0.33
CDC73, CTR9, WDR61	0.64	0.33
LRP6, USP8, WNT3A	0.64	0.33
MED12, MED8, THRAP3	0.64	0.33
IGF1, PDGFRA, YWHAH	0.64	0.33
DDX5, HNRNPA1, HNRNPD, PCF11, SF3B1, SNRPE, SNW1, SRSF1, XAB2, ZRSR2	0.64	0.3
AP2S1, AVP, CLTCL1, DNM2, OCRL, SLCO3A1, WASL	0.64	0.29
INHBE, SNAI1, TGFBR1, TGFBR2	0.64	0.25
DNM2, OCRL, SYT9, WASL	0.64	0.25
ABI1, BRK1, CYFIP2, WASF2	0.64	0.25
BMP6, SNAI1, TGFBR1, TGFBR2	0.64	0.25
CCNA1, PML, ZBTB16	0.63	0.67
DAXX, PML, USP7	0.63	0.67
BMP5, SNAI1, TGFBR1, TGFBR2	0.63	0.5
MAPK3, MMP13, MYC, NFKB1, STAT3, TP53	0.63	0.5
CBL, EGF, ERRFI1, LCK, PDGFRB, TRAF6, YES1	0.63	0.43
CD247, CSK, HLA-DQB1, PTPN6, ZEB1	0.63	0.4
AMER1, FZD1, WNT8B	0.63	0.33
FBLN2, MFAP1, MFAP5	0.63	0.33
BIRC3, RELB, XIAP	0.63	0.33
CAND1, COMMD1, ZBTB16	0.63	0.33
CHD4, HDAC5, SNAI2	0.63	0.33
PTPRC, TRBV12-3, ZAP70	0.63	0.33
INHBC, SNAI1, TGFBR1, TGFBR2	0.63	0.25
CDKN2A, SUMO1, TOP2A, UBE2I	0.63	0.25
AKAP9, MAP2K2, YWHAB, YWHAG	0.63	0.25
CPSF1, DDX5, HNRNPA1, ISY1, SF1, SF3B1, SNW1, U2AF1L4, YBX1	0.63	0.22
DDX5, HNRNPA1, HNRNPD, PCF11, SF3B1, SNRPE, SNW1, SRSF2, XAB2, ZRSR2	0.62	0.4
CEBPB, CREBBP, ESR1, FOS, MAPK14, MYC, PTGES2, STAT1	0.62	0.38
BTK, EPHA3, IGKC, LAT, NCK1, YES1	0.62	0.33
ANGPT2, FES, TEK	0.62	0.33
BRCA2, BRIP1, RAD51, RBBP8, TOP3A, TREX2	0.62	0.33
PTPRC, TRBC1, ZAP70	0.62	0.33
BRCA2, BRIP1, RAD51, RBBP8, TOP3A, XRCC3	0.62	0.33
LEFTY1, SNAI1, TGFBR1, TGFBR2	0.62	0.25
LEFTY2, SNAI1, TGFBR1, TGFBR2	0.62	0.25
RBBP7, SUZ12, TFDP1, YY1	0.62	0.25
GDF1, SNAI1, TGFBR1, TGFBR2	0.62	0.25
DDX5, HNRNPA1, PPWD1, SF3B1, SNW1, U2AF1L4, U2AF1L5, XAB2, YBX1	0.62	0.22
DDX5, HNRNPA1, SF3B1, SNW1, SYF2, U2AF1L4, U2AF1L5, XAB2, YBX1	0.62	0.22
HRAS, JUN, MAPK3, MUC2, SP1, TP53	0.61	0.5
CEBPB, CREBBP, ESR1, GREB1, HIST1H4A, MAPK14, MYC	0.61	0.43
CCND2, CDK6, CDKN1C, E2F2, RBL2	0.61	0.4
CRTC1, RBM4, SIK1	0.61	0.33
FOS, KLKB1, MAPK3, NFKB1, STAT3, TP53	0.61	0.33
LYN, VAV1, ZAP70	0.61	0.33
GNA11, GNA15, PTGER3	0.61	0.33
CCR7, CXCR3, XCR1	0.61	0.33
BID, BIRC3, TRAF2	0.61	0.33
IL3, JAK3, OSMR	0.61	0.33
CEBPG, DDIT3, NFIL3	0.61	0.33
AES, SIX1, TLE1	0.61	0.33
G6PC3, MED1, NCOA1, NCOR1, PPARA, PPARG, PPARGC1A	0.61	0.29
MMP9, PPARA, PPARG, VEGFA	0.61	0.25
LAMTOR3, MLST8, RICTOR, TSC2	0.61	0.25
LATS1, STK3, STK4, WWC1	0.61	0.25
FOXO4, PLK4, YWHAG, YWHAZ	0.61	0.25
AQR, CWC27, DDX5, HNRNPA1, SF3B1, SNW1, U2AF1L4, U2AF1L5, YBX1	0.61	0.22
BLNK, KIT, TEC	0.6	0.67
KRAS, MAP2K1, YWHAH	0.6	0.67
MAP2K1, NRAS, YWHAH	0.6	0.67
ARNT, EPAS1, FLT1, VEGFB	0.6	0.5
BATF, RUNX1, TP63, YAP1	0.6	0.5
BRCA2, BRIP1, DMC1, RBBP8, TOP3A	0.6	0.4
CLSPN, RAD17, RAD52, TIMELESS, WRN	0.6	0.4
ARID1A, SMARCC2, TOP2B	0.6	0.33
BRCA2, BRIP1, MSH4, RAD51, RBBP8, TOP3A	0.6	0.33
IL1B, SPI1, ZEB1	0.6	0.33
PTPRC, TRAC, ZAP70	0.6	0.33
PTPRC, TRAV19, ZAP70	0.6	0.33
PTPRC, TRAV8-4, ZAP70	0.6	0.33
COPS3, COPS5, ZBTB16	0.6	0.33
BRCA2, BRIP1, MND1, RAD51, RBBP8, TOP3A	0.6	0.33
IDH2, IDH3A, IDH3G	0.6	0.33
MAP2K4, MAP2K7, UBE2V1	0.6	0.33
DLG1, LCK, ZAP70	0.6	0.33
GDF15, SNAI1, TGFBR1, TGFBR2	0.6	0.25
GDF7, SNAI1, TGFBR1, TGFBR2	0.6	0.25
LATS2, STK3, STK4, WWC1	0.6	0.25
MAPK6, MAPKAPK3, PRKAR1A, SRPK1	0.6	0.25
BMP10, SNAI1, TGFBR1, TGFBR2	0.6	0.25
GDF2, SNAI1, TGFBR1, TGFBR2	0.6	0.25
CDC42, MAPK11, RAC1, YES1	0.6	0.25
C1QBP, CPSF1, DDX5, HNRNPA1, HNRNPD, PTBP1, SF3B1, SNRPE, SNW1, SRRT, SRSF6, XAB2, YBX1, ZRSR2	0.6	0.21
RHOH, VAV1, ZAP70	0.59	0.67
JUN, MAPK1, NFKB1, NNMT, STAT3, TP53	0.59	0.67
GNLY, JUN, MAPK1, NFKB1, STAT3, TP53	0.59	0.67
DEFB104A, JUN, MAPK1, NFKB1, STAT3, TP53	0.59	0.67
HOXC6, NANOG, POU5F1, SALL4, SOX2	0.59	0.6
APC, PPP2CB, SIAH1, TBL1XR1, TLE1	0.59	0.4
CCND2, CDK6, CDKN2D, E2F2, RBL2	0.59	0.4
HDAC10, NCOR2, TBL1XR1, TGS1, THRAP3	0.59	0.4
SUMO3, UBE2V2, XPC	0.59	0.33
FANCG, MUS81, XRCC3	0.59	0.33
NR1D1, PER1, TIMELESS	0.59	0.33
FANCG, RMI1, XRCC3	0.59	0.33
KMT2C, PRMT1, ZFPM1	0.59	0.33
COPS5, GPS1, ZBTB16	0.59	0.33
AURKB, B9D2, CCNB1, NUP98, SMC3, XPO1, ZWINT	0.59	0.29
IRAK4, KIT, SHC4, ZAP70	0.59	0.25
BMP15, SNAI1, TGFBR1, TGFBR2	0.59	0.25
IL12RB2, IL13RA2, IL6ST, TSLP	0.59	0.25
IRAK4, KIT, SHC2, ZAP70	0.59	0.25
GDF5, SNAI1, TGFBR1, TGFBR2	0.59	0.25
GDF6, SNAI1, TGFBR1, TGFBR2	0.59	0.25
DNM2, LDLRAP1, OCRL, WASL	0.59	0.25
PIAS1, RASAL2, STAT4, STAT6	0.59	0.25
AKR1B1, CCNC, IL23R, SMAD2, SMAD3, SMAD4	0.58	0.67
CXCR4, FYN, SRC, STAT5B, ZAP70	0.58	0.6
E2F3, NCOR1, RARA, RBBP4, SUZ12, YY1	0.58	0.5
ARHGAP33, FYN, NRAS, PIK3CB, RAC3, SOS1, SRC	0.58	0.43
CASP6, CASP8, VIM	0.58	0.33
FANCD2, SLX4, XRCC3	0.58	0.33
CDC73, SSRP1, WDR61	0.58	0.33
BRCA1, E2F1, ESR1, JUND, LCOR, TBP	0.58	0.33
AKAP5, ROBO2, ROBO3	0.58	0.33
BRCA2, BRIP1, RAD51, RBBP8, RECQL5, TOP3A	0.58	0.33
EME1, FANCG, XRCC3	0.58	0.33
CRNKL1, DDX5, HNRNPA1, PNN, PTBP1, SF3B1, SNW1, U2AF1L4, U2AF1L5, XAB2	0.58	0.3
ATF2, ESR1, MAPK9, NCOA3, NR3C1, NT5E, SMAD4	0.58	0.29
DNM2, OCRL, TGOLN2, WASL	0.58	0.25
AAR2, CPSF1, DDX5, HNRNPA1, PRPF8, SF3B1, SNRPD2, SNW1, SRRT, U2AF2, XAB2, ZRSR2	0.58	0.25
CCNC, IL23R, SMAD2, SMAD3, SMAD4, ZSCAN10	0.57	0.67
CCNC, EPX, IL23R, SMAD2, SMAD3, SMAD4	0.57	0.67
BIRC3, FAS, TAB1, TRAF2	0.57	0.5
BUB1B, CCNB2, CENPA, CENPE, SMC1A, STAG1, ZWINT	0.57	0.43
DPYSL2, FES, SEMA3A	0.57	0.33
CDK5, NDEL1, YWHAE	0.57	0.33
DLG1, PARD6A, PTEN	0.57	0.33
ACTL6A, DDB2, YY1	0.57	0.33
GPC5, NOTUM, SHH	0.57	0.33
BRCA2, PSMC3IP, RAD51	0.57	0.33
BRAF, DNAJA3, IKBKB, IKBKG, IRAK1, NGF, NGFR, NTRK1, PRKCI, RAP1A	0.57	0.3
BRAF, FAIM, IKBKB, IKBKG, IRAK1, NGF, NGFR, NTRK1, PRKCI, RAP1A	0.57	0.3
MED1, NCOA1, NCOR1, OLR1, PPARA, PPARG, RXRG	0.57	0.29
CRKL, IGF1R, IRS1, ITGAV, MAP3K1, PXN, SPP1	0.57	0.29
MED1, NCOA1, NCOR1, PLIN2, PPARA, PPARG, RXRG	0.57	0.29
CARD9, IKBKB, IKBKG, ZBP1	0.57	0.25
DBI, MED1, NCOA1, NCOA2, NCOR1, PPARA, PPARGC1A, RXRG	0.57	0.25
MED1, NCOA1, NCOA2, NCOR1, PPARA, PPARGC1A, RXRG, SLC27A1	0.57	0.25
MED1, NCOA1, NCOA2, NCOR1, PPARA, PPARGC1A, RXRG, SLC27A4	0.57	0.25
CYP8B1, MED1, NCOA1, NCOA2, NCOR1, PPARA, PPARGC1A, RXRG	0.57	0.25
FADS2, MED1, NCOA1, NCOA2, NCOR1, PPARA, PPARGC1A, RXRG	0.57	0.25
ME1, MED1, NCOA1, NCOA2, NCOR1, PPARA, PPARGC1A, RXRG	0.57	0.25
HMGCS2, MED1, NCOA1, NCOA2, NCOR1, PPARA, PPARGC1A, RXRG	0.57	0.25
GPC3, WNT1, WNT5A, WNT9A	0.57	0.25
GDF11, SNAI1, TGFBR1, TGFBR2	0.57	0.25
GDF9, SNAI1, TGFBR1, TGFBR2	0.57	0.25
CYLD, RNF31, TNFAIP3	0.56	0.67
MAPKAP1, TSC1, TSC2	0.56	0.67
PRR5, TSC1, TSC2	0.56	0.67
ADIPOQ, AR, CEBPA, FOXA1, NCOA1	0.56	0.6
CBL, EGF, KIR2DL2, LCK, PDGFRB, PIK3CD, PTPN11, PTPN6, TRAF6	0.56	0.56
CBL, EGF, KIR2DL4, LCK, PDGFRB, PIK3CD, PTPN11, PTPN6, TRAF6	0.56	0.56
CBL, EGF, KIR2DL5A, LCK, PDGFRB, PIK3CD, PTPN11, PTPN6, TRAF6	0.56	0.56
CBL, EGF, KIR3DL2, LCK, PDGFRB, PIK3CD, PTPN11, PTPN6, TRAF6	0.56	0.56
ARHGAP32, BRAF, NGF, NTRK1	0.56	0.5
CD3G, CSK, LCK, LYN, PTPN6, SYK, UBASH3B	0.56	0.43
CREB1, ESR1, FOS, MAPK11, MYC, SRM, STAT1	0.56	0.43
ARTN, RAP1GAP, RET	0.56	0.33
HIRA, HMGA1, ZBTB7A	0.56	0.33
BCL9, SMARCAL1, TCF7L1	0.56	0.33
HRAS, ITGB3, LYN, PIK3CD, PRKCB, PTPN11, RASSF2, SHC1, SOS1, YWHAH	0.56	0.3
HRAS, ITGB3, LYN, PIK3CD, PRKCB, PTPN11, RASIP1, SHC1, SOS1, YWHAH	0.56	0.3
GK, MED1, NCOA1, NCOR1, PPARA, PPARG, RXRG	0.56	0.29
MED1, NCOA1, NCOR1, PLIN4, PPARA, PPARG, RXRG	0.56	0.29
GK2, MED1, NCOA1, NCOR1, PPARA, PPARG, RXRG	0.56	0.29
MED1, NCOA1, NCOR1, PLIN5, PPARA, PPARG, RXRG	0.56	0.29
BRCA2, BRIP1, DNA2, MSH5, RAD51, RBBP8, TOP3A	0.56	0.29
BRD2, HDAC4, LEF1, MEF2A, PAX5, RUNX3, YAP1	0.56	0.29
IRAK2, MAP2K4, MAP2K7, PPM1A	0.56	0.25
BMP3, SNAI1, TGFBR1, TGFBR2	0.56	0.25
GDF3, SNAI1, TGFBR1, TGFBR2	0.56	0.25
GDF10, SNAI1, TGFBR1, TGFBR2	0.56	0.25
FYN, GRB2, HRAS, ITGB1, JAK2, PIK3R1, PTPN6, ROS1, SRC	0.55	0.67
DSCAM, FOXO1, GNG4, JAK1, LCK, MAPK11, MAPK8, PRKCB	0.55	0.5
CDC42, DOCK6, FYN, JAK2, MAPK14, RAC1, SRC	0.55	0.43
BRCA1, CREBBP, ESR1, FGF21, FOS, MAPK14, MYC, PPP2CA, RPS6, STAT1	0.55	0.4
CREBBP, ELK3, ESR1, FOS, IFI16, MAPK14, MYC, STAT1	0.55	0.38
LTB, TNFRSF14, TNFSF14	0.55	0.33
CBLB, FCER1G, ITK, LCP2, PTPRC, ZAP70	0.55	0.33
MALT1, TAB2, UBE2V1	0.55	0.33
CCND1, E2F1, HDAC1, HDAC3, HSF2BP, MAX	0.55	0.33
LRP1B, PSEN2, PSENEN	0.55	0.33
POLD3, XPA, ZNF830	0.55	0.33
POLD4, XPA, ZNF830	0.55	0.33
CDC73, LEO1, WDR61	0.55	0.33
CDC73, EAF2, WDR61	0.55	0.33
CDKN2A, SP100, SUMO1, UBE2I	0.55	0.25
EBAG9, ESR2, MED1, NCOA1, NCOR1, PPARA, PPARG, PPARGC1A	0.55	0.25
ESR2, LOC100653049, MED1, NCOA1, NCOR1, PPARA, PPARG, PPARGC1A	0.55	0.25
BCL2, CEBPA, GTF3A, HDAC3, NCOA3, PPARG, STAT6	0.54	0.57
DDX5, FOXA1, HIST2H3A, NCOA3, RXRA, SUZ12, YY1, ZFHX3	0.54	0.5
CBL, EGF, ERBB2, FGR, JAK1, PIK3R3, PTPN18, VAV1	0.54	0.5
ARNT, EPAS1, FLT1, PGF	0.54	0.5
BCL2, CEBPA, NCOA3, PPARG, RXRA, ZNF335	0.54	0.5
MAP2K1, MAP2K4, MAP3K1, MAPK6, PAK1, PRKCD, TRIB1	0.54	0.43
CACNA1D, CACNG3, RASGRP4	0.54	0.33
BCL2, NR4A1, TFAP2C	0.54	0.33
COPS4, COPS5, ZBTB16	0.54	0.33
CSF2RB, CSF3R, TSLP	0.54	0.33
PALB2, RAD51D, XRCC3	0.54	0.33
CEBPB, CREBBP, DLEC1, ESR1, FOS, MAPK14, MYC, STAT1, ZNF718	0.54	0.33
CEBPB, CREBBP, EID1, ESR1, FOS, MAPK14, MYC, STAT1, ZNF718	0.54	0.33
CEBPB, CREBBP, ESR1, FOS, LRIF1, MAPK14, MYC, STAT1, ZNF718	0.54	0.33
CEBPB, CREBBP, ESR1, FOS, MAPK14, MYC, SBNO1, STAT1, ZNF718	0.54	0.33
CDC73, PAF1, WDR61	0.54	0.33
ABL2, ROBO1, SLIT2	0.54	0.33
CARM1, KAT2A, KAT6A, MED1, NCOA1, NCOA2, NCOR1, PPARA, PPARGC1A, RXRB	0.54	0.3
GNG8, NRAS, PIK3CD, PRKCA, PRKCB, RIN1, YWHAZ	0.54	0.29
FLNB, FLNC, MAP2K4, PAK1	0.54	0.25
BIRC3, SMPD1, TAB1, TRAF2	0.54	0.25
DCP1A, RPL22, SMG5, UPF3A	0.54	0.25
BAX, BCL2L1, BID, CTSF	0.54	0.25
AURKA, MAP2K1, PHLDA1, YWHAG	0.54	0.25
NANOG, POU5F1, PRRX1, SALL4, SOX2	0.53	0.6
BRCA2, BRIP1, MLH1, PMS2P1, TOP3A	0.53	0.6
BRCA2, BRIP1, MLH1, PMS2P11, TOP3A	0.53	0.6
BRCA2, BRIP1, MLH1, PMS2P2, TOP3A	0.53	0.6
BRCA2, BRIP1, MLH1, PMS2P3, TOP3A	0.53	0.6
BRCA2, BRIP1, MLH1, PMS2P5, TOP3A	0.53	0.6
NANOG, POU5F1, SALL4, SHOX, SOX2	0.53	0.6
IL23R, KPNA2, RGCC, SMAD2, SMAD3, SMAD4	0.53	0.5
BRCA2, BRIP1, RAD51, RAD9B, RBBP8, TOP3A, WRN	0.53	0.43
BRCA2, BRIP1, RAD51, RBBP8, RHNO1, TOP3A, WRN	0.53	0.43
EGFR, HRAS, HSP90AA1, JAK2, PIK3CB, PRKCB, PTK2, RAC2, RGL3, RIT2, SHC1, TFAP2A	0.53	0.42
CEBPA, EBF1, HNF4A, MED1, NCOA1, NCOA2, NR1I3, PPARG, PPARGC1A, TGFB1	0.53	0.4
CDC73, NELFE, WDR61	0.53	0.33
CCDC22, COPS7B, ZBTB16	0.53	0.33
CCDC22, COPS7A, ZBTB16	0.53	0.33
CCDC22, COPS8, ZBTB16	0.53	0.33
BRAF, MAP2K2, PPP2R2B, RNF149, SFN, YWHAH	0.53	0.33
ERAS, MAP2K1, PPP2CB, RAF1, RAP1B, YWHAB, YWHAH	0.53	0.29
AR, ATF2, FOXA1, HIST2H3A, NFIC, POU2F1, TFPI2	0.53	0.29
ATF2, FOXA1, HIST2H3A, MDM2, MTBP, NCOA3, YY1	0.53	0.29
ERBB4, GAB2, IL2, PRKCE, PTK2B, RASA1, STAT5B, UGCG	0.53	0.25
EBF1, KMT5B, MED1, NCOA1, NCOA2, PPARGC1A, WNT1, WNT10B	0.53	0.25
FZD1, LRP5L, WIF1, WNT11	0.53	0.25
HLF, SMARCA4, SMARCB1, ZNFX1	0.52	0.75
CREBBP, CTNNB1, MAPK1, MAPK14, MLLT10, MYC, RELA, STAT3	0.52	0.75
FCRL3, KIT, PTPN6, VAV1, VEGFA, ZEB1	0.52	0.67
NANOG, POU5F1, SALL4, SOX2, ZMYND8	0.52	0.6
IL23R, KPNA2, PMEPA1, SMAD2, SMAD3, SMAD4	0.52	0.5
ESR1, FOS, GNAI1, MAPK1, MAPK14, RAD21, SHC1, STAT3, ZNF823	0.52	0.44
ESR2, MED1, NCOA1, NCOR1, PNRC1, PPARG, RARA	0.52	0.43
CDKN1B, CHUK, FOXO3, GALT, YWHAH	0.52	0.4
ATF2, ESR1, MAPK10, MAPK9, NCOA3, NR3C1, RARA, SMAD4, STAT5B, WISP2	0.52	0.4
ACTB, EGFR, HRAS, ITGB1, JAK2, PIK3CB, PRKCA, PTK2, SHC1, SRGAP2, YWHAZ	0.52	0.36
PIK3R2, PLCB4, TEK	0.52	0.33
CTNND1, EXOC3, STX4	0.52	0.33
ID2, MYOD1, TCF4	0.52	0.33
CYP2C8, CYP3A4, CYP3A7	0.52	0.33
PRKACA, PXN, YWHAZ	0.52	0.33
MAP2K1, PPP2CB, RAF1, RUSC1, YWHAB, YWHAH	0.52	0.33
ADAM17, NRG1, TRAF6	0.52	0.33
CCL5, CCR7, XCR1	0.52	0.33
CARM1, CCND3, CDK11B, MED1, NCOA1, NCOR1, PPARGC1A	0.52	0.29
CEBPB, CTCF, H3F3A, MAPK11, MLLT11, MYC, NCOA3	0.52	0.29
FZD1, LRP5L, WIF1, WNT10A	0.52	0.25
FZD1, LRP5L, WIF1, WNT16	0.52	0.25
FZD1, LRP5L, WIF1, WNT2	0.52	0.25
FZD1, LRP5L, WIF1, WNT2B	0.52	0.25
BRCA1, CCDC124, DYNC1I2, NR3C1, PLK1, RAD21, RPS27, SEC13	0.52	0.25
DCLRE1B, SLX4, TERF2, WRN	0.52	0.25
CSNK1G1, LRP6, WNT3A, ZNRF3	0.52	0.25
DKC1, TERT, UBE3A, WRAP53	0.52	0.25
KPNB1, NPM1, SUMO3, TPR	0.52	0.25
BRCA1, COMT, H3F3A, HDAC2, MYC, PDGFRB, STAT5B, TBP, TCF7L2	0.51	0.56
CAMTA1, CREBBP, FOS, MAPK14, MYC, NFKB1, SP1, STAT3	0.51	0.5
MED1, NCOA1, NCOR1, NR4A3, PPARGC1A, PRDM1, RXRG, WNT10B	0.51	0.38
CREBBP, FOS, MAPK14, MYC, NFKB1, SP1, STAT3, ZMYM5	0.51	0.38
CREBBP, FOS, MAPK14, MYC, NFKB1, SP1, STAT3, ZNF691	0.51	0.38
AKT1, CEBPB, CREBBP, EGFR, ESR1, FOS, HSP90AA1, MAPK14, MYC, SARS, SOS1, STAT1, WARS, ZNF718	0.51	0.36
NRG1, NRG2, RNF41	0.51	0.33
CEBPA, MED1, RUNX3, TGFB1, USF2, ZFHX3	0.51	0.33
ABL1, INPPL1, SORBS3	0.51	0.33
COL11A2, COL2A1, TLL1	0.51	0.33
CCL4, CCR7, XCR1	0.51	0.33
PIK3CG, PTPN11, ZAP70	0.51	0.33
ACVR2B, BMPR1A, ZFYVE16	0.51	0.33
CARM1, CCND3, THRAP3	0.51	0.33
CCND3, CDC14A, MAPK6, RIPK1, STAT2, STAT4, STAT6	0.51	0.29
CCND3, CDC14B, MAPK6, RIPK1, STAT2, STAT4, STAT6	0.51	0.29
B2M, BTK, CD247, HLA-E, LAT, TRBV3-1, VAV3	0.51	0.29
CD247, CRK, FCER1G, IGKC, ITGA2B, NCR1, PRKCQ, PTPN6, SYK, VAV1, YES1	0.51	0.27
ABL1, CD247, CNKSR1, CSK, EPHB2, LCK, NCK1, YES1	0.51	0.25
CSNK2A1, CSNK2B, DEK, YAF2	0.51	0.25
DDX5, F2, HNRNPA1, HNRNPD, ISY1, PCF11, PRPF19, SF3B1, SNRPE, SNW1, SRRT, SRSF1, SRSF2, U2AF2, YBX1, ZRSR2	0.51	0.25
AQR, ELL, HNRNPD, PCF11, SNU13, SNW1, SRSF2, ZNF830	0.51	0.25
ELL, HNRNPD, PCF11, PPIE, SNU13, SNW1, SRSF2, ZNF830	0.51	0.25
CDH1, CTNNA1, GFRA1, ZYX	0.51	0.25
BIRC3, CFLAR, TAB1, TRAF2	0.51	0.25
MTOR, TERT, YWHAE, YWHAZ	0.5	0.75
GNAS, GPER, GRB2, HRAS, PPP2CA, PRKCB, PTPN11, SRC	0.5	0.62
GATA2, RAMP2, RBPJ, TAL1	0.5	0.5
C-ERBB-3, CSK, ERBB2, ERBB3, ERBB4, IRS1, NGF	0.5	0.43
EDN1, FOXF1, GABPA, GATA2, TAL1	0.5	0.4
FLT3, MAP2K2, SHC1, SOS1, VEGFD	0.5	0.4
ANGPT4, ARNT, EPAS1, TEK, VEGFA	0.5	0.4
EBF1, ESR2, MED1, NCOA1, NCOR1, PPARA, PPARG, PPARGC1A, SMARCE1, WNT1, ZNF14	0.5	0.36
COL11A1, COL2A1, TLL1	0.5	0.33
ERCC5, POLK, ZNF830	0.5	0.33
DCC, NTN4, UNC5A	0.5	0.33
LATS2, SAV1, WWC1	0.5	0.33
LGR5, RSPO4, ZNRF3	0.5	0.33
CD47, SIRPA, SKAP2	0.5	0.33
CDC73, NELFB, WDR61	0.5	0.33
DNMT3A, PCGF2, SCMH1	0.5	0.33
BRCA1, CDK4, LRSAM1, NCOA3, RPA1, TAF1	0.5	0.33
CNOT9, KDM6A, ZNF335	0.5	0.33
CNOT6, KDM6A, ZNF335	0.5	0.33
BRIP1, EXO1, RAD51, RBBP8, RECQL4, RMI1, XRCC3	0.5	0.29
DCC, MAP1B, NTN1, UNC5D	0.5	0.25
GNA11, GNA15, RGS18, SAA1	0.5	0.25
CTBP2, GLI1, HDAC1, HDAC2, HDAC3, PRDM4, RBBP7, SMAD1, SUZ12	0.5	0.22
ETV4, MMP7, TCF7L2	0.49	0.67
FOXP1, KLF4, ZIC3	0.49	0.67
LZTS1, NANOG, POU5F1, SALL4, SOX2	0.49	0.6
CBFA2T2, CEBPA, MED1, NCOA2, NCOR1, PPARG, PPARGC1A, RUNX1T1, TGFB1	0.49	0.56
CREBBP, ESR1, GTF2F1, HIST1H4A, MAPK14, MYC, PLCG1, PLCG2, PRKCG, STAT5B, ZMYM2	0.49	0.45
ACTB, EGFR, HRAS, ITGB1, JAK2, LYN, PIK3CB, PRKCA, PRKCB, PTK2, PTPN11, SHC1, SOS1, SRGAP2, SRGAP2C, TCF7L2, YWHAZ	0.49	0.41
ATRIP, BLM, FANCG, RAD1, XRCC3	0.49	0.4
NANOG, NR5A1, NR6A1, POU5F1, SALL4	0.49	0.4
AR, BRCA1, CDC5L, ETS1, SUMO1, ZZZ3	0.49	0.33
BACH1, MAF, MAFG	0.49	0.33
FAU, PABPC1, UPF3A	0.49	0.33
PABPC1, RPS10, UPF3A	0.49	0.33
PABPC1, RPS12, UPF3A	0.49	0.33
PABPC1, RPS18, UPF3A	0.49	0.33
PABPC1, RPS20, UPF3A	0.49	0.33
PABPC1, RPS25, UPF3A	0.49	0.33
PABPC1, RPS29, UPF3A	0.49	0.33
PABPC1, RPS4X, UPF3A	0.49	0.33
CHD2, HNF4G, SRCAP	0.49	0.33
ARHGDIG, GNAI2, GNGT1, JAK2, PRKACG, RHOA	0.49	0.33
ARID1B, PYGO1, PYGO2, SMARCA2, SMARCC1, SMARCE1	0.49	0.33
ANKRD12, CCND2, CDK6, E2F2, RBL2, SUV39H1	0.49	0.33
ARID2, PYGO1, PYGO2, SMARCA2, SMARCC1, SMARCE1	0.49	0.33
PABPC1, RPS15, UPF3A	0.49	0.33
PABPC1, RPS19, UPF3A	0.49	0.33
PABPC1, RPS21, UPF3A	0.49	0.33
PABPC1, RPS26, UPF3A	0.49	0.33
PABPC1, RPS4Y1, UPF3A	0.49	0.33
PABPC1, RPS17, UPF3A	0.49	0.33
PDGFA, PDGFB, THBS4	0.49	0.33
BRCA2, BRIP1, DKFZP434C1615, DNA2, MSH4, RAD51, RBBP8, TOP3A	0.49	0.25
BRCA2, BRIP1, DNA2, G7, MSH4, RAD51, RBBP8, TOP3A	0.49	0.25
CD2, CD8A, PTPRC, TRAV29DV5	0.49	0.25
CALR, HSP90B1, MSR1, P4HB	0.49	0.25
HMGB2, KAT6B, NFYA, NFYB	0.49	0.25
MAPK6, OSTF1, PRKAR1A, SRPK1	0.49	0.25
AKAP1, HSPG2, KDR, VEGFA	0.49	0.25
GNA11, GNA15, PLCL1, RGS4	0.49	0.25
DLG5, LATS2, STK3, STK4	0.49	0.25
CARD9, CHUK, IKBKB, ZBP1	0.49	0.25
FABP3, FOXA2, GATA1, JUNB	0.49	0.25
PABPC1, RPL7, RPSA, UPF3A	0.49	0.25
ACSS2, BAX, SIRT1, XRCC6	0.49	0.25
BAX, DYRK3, SIRT1, XRCC6	0.49	0.25
AR, BRCA1, CDC5L, ETS1, MARCH7, RPA1, SUMO1, UBE2I	0.49	0.25
ADAM8, IKBKB, MAP3K7, MTOR, NFKBIA, PPARGC1A, TNF, TRAF2, WNT10B	0.49	0.22
IKBKB, MAP3K7, MTOR, NFKBIA, PPARGC1A, SPPL2A, TNF, TRAF2, WNT10B	0.49	0.22
IKBKB, MAP3K7, MTOR, NFKBIA, PPARGC1A, SPPL2B, TNF, TRAF2, WNT10B	0.49	0.22
HEY1, HEY2, MYOD1, TCF3	0.48	0.75
CXCR4, GZMB, JAK3, LCK, PRF1, PTPN6, STAT5A	0.48	0.71
GNA11, GNAQ, KALRN, XCL2	0.48	0.5
ESR1, NCOA2, NCOA3, NR2F1, STAG1, TGFA	0.48	0.5
AKT2, CCND1, CDKN1A, FKBPL, GTSE1, HIF1A, HSP90AB1, PPP2R2A, PSMC1, RAF1, YWHAG, YWHAZ	0.48	0.42
CUL4B, DPCD, KAT2B, NCOR1, RARA, RB1, RBBP7, RUVBL1, SUZ12, YY1	0.48	0.4
CCNO, CDK2, CDKN1A, FOXO4, UBE2E1	0.48	0.4
ARX, DDX5, FOXA1, HDAC3, HIST2H3A, NCOA3, RXRA, SUZ12, YY1, ZFHX3	0.48	0.4
DDX5, DLX4, FOXA1, HDAC3, HIST2H3A, NCOA3, RXRA, SUZ12, YY1, ZFHX3	0.48	0.4
DDX5, ESX1, FOXA1, HDAC3, HIST2H3A, NCOA3, RXRA, SUZ12, YY1, ZFHX3	0.48	0.4
DDX5, FEZF1, FOXA1, HDAC3, HIST2H3A, NCOA3, RXRA, SUZ12, YY1, ZFHX3	0.48	0.4
DDX5, FOXA1, HDAC3, HIST2H3A, HMX2, NCOA3, RXRA, SUZ12, YY1, ZFHX3	0.48	0.4
DDX5, FOXA1, HDAC3, HIST2H3A, IRX1, NCOA3, RXRA, SUZ12, YY1, ZFHX3	0.48	0.4
DDX5, FOXA1, HDAC3, HIST2H3A, NCOA3, OLIG3, RXRA, SUZ12, YY1, ZFHX3	0.48	0.4
DDX5, FOXA1, HDAC3, HIST2H3A, NCOA3, PRDM13, RXRA, SUZ12, YY1, ZFHX3	0.48	0.4
DDX5, FOXA1, HDAC3, HIST2H3A, NCOA3, RXRA, SUZ12, VAX1, YY1, ZFHX3	0.48	0.4
ERBB3, ERBB4, GAB1, KCNJ1, PIK3C3, PRKCI, RAF1, RAP1A, RASA1, SGK1, STAT4, STAT6, WWP1	0.48	0.38
BCL2, CCND1, CEBPA, FUT8, HDAC3, NCOA3, PPARG, RBBP4, RXRA, SNW1, ZNF335	0.48	0.36
BCL2, CCND1, CEBPA, HDAC3, NCOA3, PPARG, RBBP4, RXRA, SNW1, ZGPAT, ZNF335	0.48	0.36
CDH1, CDH3, PSENEN	0.48	0.33
IKBKG, REL, TNFSF10	0.48	0.33
CREB3L2, NFYB, RPS6KA5	0.48	0.33
BID, CASP10, DAXX, DKFZP686A24188, FAS, TNFSF10	0.48	0.33
HAND1, TCF3, TWIST1	0.48	0.33
DCP1B, DDX6, PATL1	0.48	0.33
DDX6, EDC3, PATL1	0.48	0.33
DDX6, EDC4, PATL1	0.48	0.33
ARHGEF10, DVL2, GNAO1, RAC2, RHOA, YES1	0.48	0.33
DDX17, EBF1, GATA3, MED1, NCOA1, NCOA2, PPARGC1A, SRA1, SREBF1, WNT1	0.48	0.3
BIRC3, IKBKG, MAP2K4, MAP3K7, PIDD1, RACK1, TRAF2	0.48	0.29
PABPC1, RPL7, RPS3, UPF3A	0.48	0.25
CDH13, CTNND1, JUP, ZYX	0.48	0.25
ANXA1, FFAR2, GNA11, GNA15	0.48	0.25
GHSR, GNA11, GNA15, SAA1	0.48	0.25
PIAS1, STAT4, STAT6, ZMIZ1	0.48	0.25
EGR2, ELK1, FUT4, PBX1	0.48	0.25
E2F6, IRF2, SPIB, ZEB1	0.48	0.25
RNF43, UBE2D2, UBE2D3, ZNRF4	0.48	0.25
DCP1A, RPL10, SMG5, UPF3A	0.48	0.25
FER, IL33, KIT, KITLG	0.48	0.25
CDK2, CDKN1A, PSMB11, PSMD10, RB1, SKP2, SMURF2, UBE2D1, ZNRF2	0.48	0.22
BRCA1, CCNC, CDK12	0.47	1.0
NANOG, POU5F1, SALL4, SOX2, SOX21	0.47	0.8
ERBB4, NRG1, WWP1	0.47	0.67
NANOG, POU5F1, SALL4, SOX2, TFEC	0.47	0.6
NANOG, POU5F1, POU5F1B, SALL4, SOX2	0.47	0.6
CCNC, IL23R, SKOR2, SMAD2, SMAD3, SMAD4, ZSCAN10	0.47	0.57
BCL11B, DNMT3A, GFI1, ZBTB17	0.47	0.5
CCNC, DKFZP451O0517, IL23R, SMAD2, SMAD3, SMAD4, SMAD7, TGIF2	0.47	0.5
CXCR4, FYN, PTPN5, PTPN6, SRC, STAT5A	0.47	0.5
BCLAF1, PITX3, SFPQ, TIA1	0.47	0.5
BCLAF1, N4BP2L2, SFPQ, TIA1	0.47	0.5
BCLAF1, RBFOX3, SFPQ, TIA1	0.47	0.5
BCLAF1, RBMXL1, SFPQ, TIA1	0.47	0.5
AKT1, BRCA1, CEBPB, CTCF, EGFR, ESR1, GNAI2, MAPK14, MXI1, MYO16, SOS1, STAT3	0.47	0.5
ATF2, ESR1, MAPK10, MAPK9, MN1, NCOA3, NR3C1, RARA, SMAD4, STAT5B, ZNF718	0.47	0.45
AGTPBP1, ESR1, FOS, MAPK1, MAPK14, MYC, RAD21, RELA, SHC1, STAT1, STAT3, ZNF823	0.47	0.42
C1QTNF1, ESR1, FOS, MAPK1, MAPK14, MYC, RAD21, RELA, SHC1, STAT1, STAT3, ZNF823	0.47	0.42
ESR1, FAM83A, FOS, MAPK1, MAPK14, MYC, RAD21, RELA, SHC1, STAT1, STAT3, ZNF823	0.47	0.42
ESR1, FAM83B, FOS, MAPK1, MAPK14, MYC, RAD21, RELA, SHC1, STAT1, STAT3, ZNF823	0.47	0.42
ESR1, FOS, KLF9, MAPK1, MAPK14, MYC, RAD21, RELA, SHC1, STAT1, STAT3, ZNF823	0.47	0.42
ESR1, FOS, KRBA2, MAPK1, MAPK14, MYC, RAD21, RELA, SHC1, STAT1, STAT3, ZNF823	0.47	0.42
ESR1, FOS, KYNU, MAPK1, MAPK14, MYC, RAD21, RELA, SHC1, STAT1, STAT3, ZNF823	0.47	0.42
ESR1, FOS, LIPG, MAPK1, MAPK14, MYC, RAD21, RELA, SHC1, STAT1, STAT3, ZNF823	0.47	0.42
ESR1, FOS, MAPK1, MAPK14, MYC, RAD21, RELA, SHC1, STAT1, STAT3, TPK1, ZNF823	0.47	0.42
ESR1, FOS, MAPK1, MAPK14, MYC, RAD21, RELA, SHC1, STAT1, STAT3, ZC3H3, ZNF823	0.47	0.42
ATP1B4, KL, PIK3CB, PIK3R2, TLR3	0.47	0.4
EDN1, GABPA, GATA2, HAMP, TAL1	0.47	0.4
ATF2, ESR1, MAPK10, MAPK9, NCOA3, NR3C1, RARA, SERPINB5, SMAD4, STAT5B, ZNF718	0.47	0.36
ATF2, ESR1, KANK1, MAPK10, MAPK9, NCOA3, NR3C1, RARA, SMAD4, STAT5B, ZNF718	0.47	0.36
ATF2, CARD10, ESR1, MAPK10, MAPK9, NCOA3, NR3C1, RARA, SMAD4, STAT5B, ZNF718	0.47	0.36
ATF2, ESR1, MAPK10, MAPK9, NCOA3, NCOA7, NR3C1, RARA, SMAD4, STAT5B, ZNF718	0.47	0.36
ATF2, ESR1, MAPK10, MAPK9, NCOA3, NR3C1, RARA, SMAD4, STAT5B, TRIM59, ZNF718	0.47	0.36
ATF2, ESR1, FBRS, MAPK10, MAPK9, NCOA3, NR3C1, RARA, SMAD4, STAT5B, ZNF718	0.47	0.36
ATF2, ESR1, HR, MAPK10, MAPK9, NCOA3, NR3C1, RARA, SMAD4, STAT5B, ZNF718	0.47	0.36
ATF2, ESR1, MAPK10, MAPK9, NCOA3, NR3C1, RARA, SMAD4, STAT5B, TEX19, ZNF718	0.47	0.36
ATF2, ESR1, MAPK10, MAPK9, NCOA3, NR3C1, RARA, SMAD4, STAT5B, TRIM55, ZNF718	0.47	0.36
ATF2, ESR1, MAPK10, MAPK9, NCOA3, NR3C1, RARA, SMAD4, STAT5B, VGLL4, ZNF718	0.47	0.36
APC2, PPP6C, TBL1Y	0.47	0.33
GRIN1, GRIN2A, SIPA1L1	0.47	0.33
ATP1A1, FXYD1, FXYD2	0.47	0.33
KMT2C, PAXIP1, ZNF335	0.47	0.33
ADAMTS16, BRCA1, CTCF, H3F3A, MAPK11, MYC, NCOA3, SPI1, ZNF593	0.47	0.33
BRCA1, CGREF1, CTCF, H3F3A, MAPK11, MYC, NCOA3, SPI1, ZNF593	0.47	0.33
BRCA1, CTCF, H3F3A, HIGD2A, MAPK11, MYC, NCOA3, SPI1, ZNF593	0.47	0.33
BRCA1, CTCF, H3F3A, MACROD1, MAPK11, MYC, NCOA3, SPI1, ZNF593	0.47	0.33
BRCA1, CTCF, H3F3A, MAPK11, MYC, NCOA3, PAICS, SPI1, ZNF593	0.47	0.33
BRCA1, CTCF, H3F3A, MAPK11, MYC, NCOA3, SLC1A5, SPI1, ZNF593	0.47	0.33
BRCA1, CTCF, H3F3A, MAPK11, MYC, NCOA3, SLC22A12, SPI1, ZNF593	0.47	0.33
BRCA1, CTCF, H3F3A, MAPK11, MYC, NCOA3, SPI1, TBRG4, ZNF593	0.47	0.33
BRCA1, CTCF, H3F3A, MAPK11, MYC, NCOA3, PAFAH2, SPI1, ZNF593	0.47	0.33
APOA1, ESR1, SP3	0.47	0.33
SET, SMC2, SMC4	0.47	0.33
TNFRSF17, TNFSF13, TNFSF13B	0.47	0.33
DKFZP781N011, PER1, PER3	0.47	0.33
BRCA1, ERBB3, HDAC2, JUND, MAMSTR, MAX, NCOA3, SIX5, SPI1, TBP	0.47	0.3
BATF, CEBPA, EBF1, IL10, MED1, NCOA1, PPARGC1A, PTAFR, RUNX1, SREBF1, TGFB1	0.47	0.27
CD36, IRAK1, MYD88, PIK3AP1	0.47	0.25
DNMT3A, GFI1, PRDM5, ZBTB17	0.47	0.25
CALM3, MYL12B, NFATC2, YWHAQ	0.47	0.25
ADRA1D, GNA11, GNA14, TRPC6	0.47	0.25
LRG1, SNAI1, TGFBR1, TGFBR2	0.47	0.25
IFNAR2, IL2RG, IL6, JAK1, JAK3, SOCS3, TYK2, USP18	0.47	0.25
CCNK, GPR183, POU2F2, ZEB1	0.47	0.25
CCL7, CCR7, CXCR3, XCR1	0.47	0.25
IL33, KIT, KITLG, MATK	0.47	0.25
HMGB1, ITGAV, ITGB3, XB	0.47	0.25
BRCA2, BRIP1, DMC1, EXO1, RAD51, RAD54B, RBBP8, RMI1, TOP3A	0.47	0.22
CBFB, CDK6, MYB, MYOD1, RUNX1, TCF3, ZFHX3	0.46	1.0
CBFB, CDK6, MAF, MYB, RUNX1, TCF3, ZNF521	0.46	1.0
CD40, LIGAND, MAP2K2, MAP2K4, MAP3K1	0.46	0.6
CALCOCO1, ESR1, NCOA2, NCOA3, STAG1, TGFA	0.46	0.5
CTCF, PPARD, RARA, VEGFA	0.46	0.5
ABL1, BTK, GAB2, JAK3, LCK, PRKCE, PRKCZ, RAF1, SLC34A2, TRPV6, VDR, YES1	0.46	0.5
ADCYAP1R1, GNA11, GNAQ, KALRN	0.46	0.5
ESR1, NCOA2, NCOA3, SLC30A9, STAG1, TGFA	0.46	0.5
ABL1, BTK, GAB2, JAK3, LCK, PRKCE, PRKCZ, RAF1, SLC8A1, TRPV6, VDR, YES1	0.46	0.42
ABL1, BTK, GAB2, JAK3, LCK, PRKCE, PRKCZ, RAF1, TRPV5, TRPV6, VDR, YES1	0.46	0.42
ABL1, ATP2B1, BTK, GAB2, JAK3, LCK, PRKCE, PRKCZ, RAF1, TRPV6, VDR, YES1	0.46	0.42
ABL1, BTK, CALB1, GAB2, JAK3, LCK, PRKCE, PRKCZ, RAF1, TRPV6, VDR, YES1	0.46	0.42
ABL1, BTK, GAB2, JAK3, LCK, PRKCE, PRKCZ, RAF1, S100G, TRPV6, VDR, YES1	0.46	0.42
CBL, CLTC, DNAJB12, HSPA8, YWHAZ	0.46	0.4
CBL, CLTC, DNAJB14, HSPA8, YWHAZ	0.46	0.4
CBL, CLTC, HSPA8, METTL21A, YWHAZ	0.46	0.4
NANOG, NR5A1, POU5F1, SALL1, SALL4	0.46	0.4
AKT2, CALM3, CREB1, DYNLL1, GSK3B, HDAC3, INS, MAF, PLK1, PPP1CC, SEH1L, XPO1, ZNF521	0.46	0.38
GNA11, GNA14, XCL2	0.46	0.33
KMT2A, PRMT6, ZFPM1	0.46	0.33
DDX5, FOXA1, FOXD1, FOXD3, HDAC3, HIST2H3A, MAPK10, MAPK9, NCOA3, NR3C1, RXRA, SMAD4, SUZ12, YY1, ZFHX3	0.46	0.33
BCLAF1, MEF2A, ZFP36L1	0.46	0.33
CDC73, NELFCD, WDR61	0.46	0.33
IKBKB, IKBKG, RACK1, RIPK1, STXBP4, TNFRSF1A, TP63	0.46	0.29
DACH1, HTT, KAT2B, NCOR1, NCOR2, RXRG, SIN3A	0.46	0.29
ANXA1, GNA11, GNA15, RGS21	0.46	0.25
CCNK, EHF, POU2F2, ZEB1	0.46	0.25
DKFZP781N011, GLI1, GLI3, ZIC1	0.46	0.25
FHL1, PIAS1, STAT4, STAT6	0.46	0.25
F11R, ITGAV, ITGB3, VTN	0.46	0.25
EDNRA, GNA11, GNA14, TRPC6	0.46	0.25
CCNB1, DYNC1LI2, MAPRE1, RPS27, SEH1L, SMAD4, SUMO1, XPO1, ZWINT	0.46	0.22
ACTG1, BTK, IGHV3-7, LAT, LCP2, VASP, VAV2, WAS, ZYX	0.46	0.22
ABCG1, CTNNB1, EP300, JUN, MAPK1, SP1, SRC	0.45	0.71
CD44, JUN, ZEB1	0.45	0.67
EBF1, GATA3, JUNB, PAX5, RUNX1, UPK2	0.45	0.67
LGR6, RSPO2, ZNRF3	0.45	0.67
LGR6, RSPO3, ZNRF3	0.45	0.67
ELF3, MAML2, RBPJ	0.45	0.67
AFF4, CDC73, WDR61	0.45	0.67
CBFA2T2, CBFA2T3, CEBPA, HNF4A, MED1, NCOA2, NCOR1, PPARG, PPARGC1A, RUNX1T1, TGFB1	0.45	0.55
ACTB, AKT1, EGFR, ESR1, FOS, GNAI1, GRB2, MAPK1, MAPK14, MAPK3, MYC, RAD21, RHOA, SHC1, SRC, STAT1, STAT3, TNFAIP3, TNIP3, ZNF823	0.45	0.5
ADIPOQ, AR, C1QTNF9, CEBPA, FOXA1, NCOA1	0.45	0.5
BHLHA15, MYOG, NANOG, POU5F1, SALL4, SOX2	0.45	0.5
EED, EZH2, KMT2D, NR5A2, PAX6, PAXIP1, PBX1, PCGF2, PDX1, RARB, RFX6	0.45	0.36
CD68, EBF1, ESR2, MED1, NCOA1, NCOR1, PPARA, PPARG, PPARGC1A, SMARCE1, WNT1, ZNF14	0.45	0.33
RMI2, SLX4, XRCC3	0.45	0.33
LGR6, RSPO4, ZNRF3	0.45	0.33
CDC73, CTDP1, WDR61	0.45	0.33
CDC73, MLLT3, WDR61	0.45	0.33
CDC73, NELFA, WDR61	0.45	0.33
GATA1, HNF4G, SLC40A1	0.45	0.33
PI4KB, PIP5K1C, PTEN	0.45	0.33
COPS5, FOS, H3F3A, HIF1A, JUN, JUND, MT1A	0.45	0.29
EIF4E, EIF4ENIF1, MTOR, YWHAB	0.45	0.25
E2F6, GSC, IRF2, ZEB1	0.45	0.25
AOX1, PIAS1, STAT4, STAT6	0.45	0.25
CBX3, KDM5C, POLR1A, UBTF	0.45	0.25
BTRC, SKP1, TRRAP, ZNRF2	0.45	0.25
FOXO4, MAPK13, MAPK9, PTPRR	0.45	0.25
FEN1, MAD2L2, RFC4, RPA3	0.45	0.25
KDM1A, SMARCD1, TCF7L2	0.44	0.67
CD22, CD79B, FCGR2B, PTPRC, TRAV29DV5	0.44	0.6
BATF, CARM1, EBF1, GATA3, GTF2A2, KLF6, RUNX1	0.44	0.57
CD79B, INPP5D, PIK3C2B, PREX2, PTEN, SYNJ1, ZEB1	0.44	0.57
BATF, EBF1, PAX5, RUNX1, SPDEF, WNT7A	0.44	0.5
ACTL6B, ARID1A, SMARCC2, SMARCE1	0.44	0.5
BCLAF1, H2AFZ, SFPQ, TIA1	0.44	0.5
ADAM15, CXCR4, FYN, ITGA9, LYN, RAF1, SRC, STAT5B	0.44	0.5
DLK1, GATA1, GATA2, HDAC5, PRMT1, TAL1, ZBTB7A	0.44	0.43
CALM3, CDC42, GNA11, MAPK8, RAC1, RAP1GDS1, YES1	0.44	0.43
CD79B, FRK, INPP5D, PIK3C2B, PTEN, SYNJ1, ZEB1	0.44	0.43
CD79B, INPP5D, OTUD3, PIK3C2B, PTEN, SYNJ1, ZEB1	0.44	0.43
CASP3, CASP8, CYCS, HTRA2, XIAP	0.44	0.4
DNA2, TIPIN, WRN	0.44	0.33
CARD9, CHUK, IKBKB, IKBKG, IRS4, NFKBIL1	0.44	0.33
CCL13, CCR7, XCR1	0.44	0.33
ARHGAP10, ARHGAP26, RND3	0.44	0.33
CCL27, CCR7, XCR1	0.44	0.33
TAX1BP1, TNFAIP3, TRAF1	0.44	0.33
CD2, CD53, PTPRC	0.44	0.33
ABL2, CAP1, SLIT2	0.44	0.33
ABL2, CAP2, SLIT2	0.44	0.33
CEBPZ, COPS5, HSPA8, POLR2B, SMAD4, XPO1	0.44	0.33
CCL28, CCR7, XCR1	0.44	0.33
CCL21, CCR7, XCR1	0.44	0.33
PML, STRAP, ZFYVE9	0.44	0.33
AR, BRCA1, CDC5L, ETS1, FOXA1, GPBP1, POU2F1, SUMO1, TNF, ZZZ3	0.44	0.3
AR, BRCA1, CDC5L, EDRF1, ETS1, FOXA1, POU2F1, SUMO1, TNF, ZZZ3	0.44	0.3
AR, BRCA1, CDC5L, ETS1, FOXA1, GPATCH3, POU2F1, SUMO1, TNF, ZZZ3	0.44	0.3
AR, BRCA1, CDC5L, ETS1, FOXA1, HERC1, POU2F1, SUMO1, TNF, ZZZ3	0.44	0.3
AR, BRCA1, CDC5L, ETS1, FOXA1, MEIOB, POU2F1, SUMO1, TNF, ZZZ3	0.44	0.3
AR, BRCA1, CDC5L, ETS1, FOXA1, MMS22L, POU2F1, SUMO1, TNF, ZZZ3	0.44	0.3
AR, BRCA1, CDC5L, ETS1, FOXA1, NUDT2, POU2F1, SUMO1, TNF, ZZZ3	0.44	0.3
AR, BRCA1, CDC5L, ETS1, FOXA1, POU2F1, PTRH2, SUMO1, TNF, ZZZ3	0.44	0.3
AR, BRCA1, CDC5L, ETS1, FOXA1, POU2F1, SKA3, SUMO1, TNF, ZZZ3	0.44	0.3
ATM, ATR, EP400, H2AFX, HIST3H3, KAT5, PAXIP1, TRRAP, XRCC5, YEATS4	0.44	0.3
COPS5, FOS, H3F3A, HIF1A, HRK, JUN, JUND	0.44	0.29
COPS5, FOS, H3F3A, HIF1A, JUN, JUND, ZNF438	0.44	0.29
CALM3, CDC42, DKFZP686F1789, GNA11, MAPK8, RAC1, YES1	0.44	0.29
APC, CSNK1A1, CSNK2A1, CUL3, DVL1, KLHL12, PSMB11, WNT1	0.44	0.25
BTRC, CUL1, TRRAP, ZNRF2	0.44	0.25
AKT3, PDPK1, PKN3, YWHAH	0.44	0.25
AKT3, DKFZP781N0293, PDPK1, YWHAH	0.44	0.25
CNOT1, CNOT3, NANOS2, NANOS3	0.44	0.25
BIRC2, CRADD, CTSD, IKBKB, IKBKG, NFKB2, RACK1, RBCK1, TRAF2	0.44	0.22
AR, BRCA1, CDC5L, ETS1, NELL1, RPA1, SUMO1, UBE2I, ZZZ3	0.44	0.22
ARID1A, KDM3A, PBRM1, SMARCC2, SMARCE1	0.43	0.6
CBFB, RUNX1, RUNX2, SP7, WWTR1	0.43	0.6
BATF, EBF1, IKZF2, PAX5, RUNX1, WNT7A	0.43	0.5
BCLAF1, HNRNPDL, SFPQ, TIA1	0.43	0.5
CTNNB1, EGFR, RELA, RNF34, TP53, UBB	0.43	0.5
CUL4B, ELL, ERCC3, ERCC6, ZNF830	0.43	0.4
IRAK2, MAP2K4, MAP2K7, MAP3K13, UBE2V1	0.43	0.4
CASP10, DAXX, FAS, FASLG, SMPD1, TNFRSF10C, TNFRSF14, TNFSF10	0.43	0.38
BRCA1, CEBPB, CREB1, DBH, EGR1, JUN, LYN, MAPK14	0.43	0.38
BRCA1, CEBPB, CREB1, EGR1, JUN, LYN, MAPK14, ME2	0.43	0.38
APEX1, ATR, ERCC4, MUTYH, PARP1, PIAS4, RAD50, XRCC5	0.43	0.38
ETV4, TIMP1, TIMP2	0.43	0.33
SFRP2, SOST, WIF1	0.43	0.33
HSP90AA1, NR3C2, SGK1	0.43	0.33
ATF2, ESR1, MAPK10, MAPK9, MMP14, NCOA3, NR3C1, RARA, SMAD4, STAT5B, TIMP4, ZNF718	0.43	0.33
ECM2, IGF1, NCK2, PDGFRA, PDGFRB, YWHAH	0.43	0.33
PRPF8, U2AF2, ZRSR2	0.43	0.33
ING5, KAT7, MEAF6	0.43	0.33
ATP1A1, ATP1B1, KL	0.43	0.33
ATP1A1, ATP1B2, KL	0.43	0.33
ATP1A1, ATP1B3, KL	0.43	0.33
BRAF, LAMTOR2, MAP2K2, PEBP1, PPP2R2B, WDR83	0.43	0.33
BRAF, LAMTOR3, MAP2K2, PEBP1, PPP2R2B, WDR83	0.43	0.33
BCL2L1, PIAS3, PIAS4, STAT4, STAT5B, STAT6, ZNF395	0.43	0.29
ARHGEF25, GNA11, GNA15, SAA1	0.43	0.25
ABI1, BAIAP2, EPS8, USP6NL	0.43	0.25
GATA5, ISL1, LDB1, LMO2	0.43	0.25
CEL, STAT5A, STAT5B, TH	0.43	0.25
AKT1, AURKA, CDK1, GSK3B, MAP2K1, MAPK12, NR3C1, PDGFRB, PIK3CD, SPAG5, TRAF6, YWHAG	0.43	0.25
FCER1G, FCERI, HLA-E, LCP2, PAK3, PTPRC, VAV1, VAV2	0.43	0.25
HSP90AA1, IPO5, MTOR, YWHAG	0.43	0.25
POLB, POLD1, RFC1, ZNF830	0.43	0.25
BCAR1, CRKL, FLT4, IRS1, MAP2K4, NGF, NRP2, VEGFC	0.43	0.25
APEX1, ATR, ERCC4, PARP1, PIAS4, RAD50, SMUG1, XRCC5	0.43	0.25
AURKB, CCNB1, E2F4, FOXO4, NUSAP1, POM121C, SFN, XPO1, ZWINT	0.43	0.22
LEF1, RUNX3, SMAD3, SMAD4, SMARCD3, STK11, STK11IP, YAP1	0.42	0.5
CBLC, RAPH1, SH3GL1, SH3GL3	0.42	0.5
CBX5, TRIM24, TRIM28, TRIM33	0.42	0.5
ATRIP, BLM, BRCA2, CHEK1, RBBP8, SUPV3L1, WRN	0.42	0.43
AKT2, CALM3, CREB1, DYNLL1, GSK3B, HDAC3, INS, MAF, PLK1, PPP1CC, PROX1, SEH1L, XPO1, ZNF521	0.42	0.36
AKT2, CALM3, CREB1, DYNLL1, GSK3B, HDAC3, INS, MAF, PLK1, PPP1CC, SEH1L, SMYD1, XPO1, ZNF521	0.42	0.36
DHX36, ESR1, FOS, FYN, LIN28A, MAPK1, MAPK14, MAPK3, MYC, RAD21, RELA, SHC1, SRC, STAT1, STAT3, YBX3, ZNF823	0.42	0.35
DICER1, PRKRA, TARBP2	0.42	0.33
ING4, JADE1, KAT7	0.42	0.33
ACVR1C, NLK, TCF7L2	0.42	0.33
KREMEN2, SOST, WIF1	0.42	0.33
MYD88, TIRAP, VDR	0.42	0.33
SNRNP200, U2AF2, ZRSR2	0.42	0.33
CBLL1, CDH1, CTNNA1, CTNND1, IGF1, MMP2, STX4	0.42	0.29
CCND2, CDK6, DEDD, DEDD2, E2F2, RBL2, SUV39H1	0.42	0.29
CD36, CHUK, HEL-S-96, IKBKB, IKBKG, IRS4, MAP4K4	0.42	0.29
CD209, ICAM2, LSP1, PLK3	0.42	0.25
CD209, ICAM3, LSP1, PLK3	0.42	0.25
RNF10, RNF43, UBE2D2, UBE2D3	0.42	0.25
BAX, BCL2L1, BID, CTSO	0.42	0.25
BAX, BCL2L1, BID, CTSW	0.42	0.25
CDC73, EAF1, SUPT16H, WDR61	0.42	0.25
CDC73, MLLT1, SUPT16H, WDR61	0.42	0.25
CDC73, SUPT16H, SUPT6H, WDR61	0.42	0.25
BIRC3, FAIM2, FAS, MAP3K14, MAP3K5, RIPK1, TAB2, TRAF2	0.42	0.25
CCL8, CCR7, CXCR3, XCR1	0.42	0.25
GNA11, GNA15, LTB4R, SAA1	0.42	0.25
ANXA1, GNA11, GNA15, P2RY11	0.42	0.25
GNA11, GNA15, LTB4R2, SAA1	0.42	0.25
GNA11, GNA15, GPR39, SAA1	0.42	0.25
B9D2, BUB1B, BUB3, CENPA, CENPE, CENPS, KIF2C, RAE1, SMC1A, SMC3, STAG1, ZNF207, ZWINT	0.42	0.23
ANPEP, CBFB, ETS2, GATA1, GATA3, MYB, RUNX1, TCF3	0.41	0.75
CCDC6, FDPS, KRAS, NRAS	0.41	0.75
BTLA, EGF, ITGB1, PDGFRB, PTPN11, PTPN6, TNFRSF14	0.41	0.57
CALM3, CCND1, CREB1, MYCN, PCNA, PPP1CC, RAD21, STAT5A, TAL1	0.41	0.56
FDPS, KRAS, NRAS, RASGEF1A	0.41	0.5
BANP, DDX5, HIF1A, NR3C1, SUMO1, TP53	0.41	0.5
AKT1, ATF2, INS, MAPK12, PAK1, RAF1, RASD2, SMAD2	0.41	0.38
AJUBA, CC2D1A, E2F1, E2F6, EZH2, NCOR1, RBBP7, SIN3A, SUFU, SUZ12, TFDP1	0.41	0.36
CCL25, CCR7, XCR1	0.41	0.33
DDX23, U2AF2, ZRSR2	0.41	0.33
EFTUD2, U2AF2, ZRSR2	0.41	0.33
SNRNP40, U2AF2, ZRSR2	0.41	0.33
TXNL4A, U2AF2, ZRSR2	0.41	0.33
DPY30, KMT2A, ZFPM1	0.41	0.33
CCNC, CHD9, FABP1, MAML1, NCOR2, SIN3B	0.41	0.33
ARHGEF28, ASH2L, EZH2, FOXA1, FOXA2, GATA1, HNF4A, MED1, PPARGC1A	0.41	0.33
TRIM23, TRIM27, TRIM29	0.41	0.33
AKT3, ERBB3, ITK, JAK3, LPXN, LYN, PIK3CG, PRKCZ, ZAP70	0.41	0.33
ASH2L, EZH2, FOXA1, FOXA2, GATA1, HNF4A, MED1, PPARGC1A, VAMP5	0.41	0.33
SGK1, TSC22D3, WWP1	0.41	0.33
HSPG2, KDR, MYOF, VEGFA	0.41	0.25
AURKA, BRCA1, DDX5, IL12B, IL12RB1, NCOA1, NFKB2, NFKBIA, NFKBIZ, RELA, SIN3A, SUMO1	0.41	0.25
CCR7, CCRL2, CXCR3, XCR1	0.41	0.25
CREM, RBM10, RBM4, SIK1	0.41	0.25
DKK1, SFRP1, SOST, WIF1	0.41	0.25
F2RL1, GPR17, GPR65, P2RY8	0.41	0.25
MDM2, MDM4, PML, USP7	0.4	0.75
HLF, SMARCA4, SMARCB1, ZBTB37	0.4	0.75
CCND1, CDKN1A, CREB3L2, FOXO6, NUAK1, STK11	0.4	0.67
ARID1A, DPF1, SMARCE1	0.4	0.67
FCGR2B, INPP5D, LILRB1, PTPN6	0.4	0.5
BATF, EBF1, GATA3, IER2, IL4, RUNX1, TFAP2C	0.4	0.43
FCER1A, FCGR2B, INPP5D, OSCAR, RAF1, RASA1, SYK	0.4	0.43
GLI1, GLI3, IFT88, STK36, SUFU	0.4	0.4
GATA1, HNF4A, TAL1, TCF12, ZNF823	0.4	0.4
AJUBA, FOXA1, NFIC, NFIX, SUZ12	0.4	0.4
HOXD4, NCOA6, PBX1, RARA, WDR5	0.4	0.4
CCNT2, EGR1, FN1, GATA2, LRRC32, RB1, TAL1, VEGFA	0.4	0.38
AGER, NFKB2, SAA1	0.4	0.33
HSP90AB1, KAT5, MAX, MYC, RPL11, ZNF239	0.4	0.33
ASH2L, EZH2, FOXA1, FOXA2, GATA1, HNF4A, MED1, PPARGC1A, TBX4	0.4	0.33
EGR2, HOXB2, HOXB3, KMT2C, PBX1, PIAS2	0.4	0.33
CCR7, GALR2, XCR1	0.4	0.33
ASH2L, EZH2, FOXA1, FOXA2, GATA1, HNF4A, MED1, PPARGC1A, ZNF808	0.4	0.33
ASH2L, CRAMP1, EZH2, FOXA1, FOXA2, GATA1, HNF4A, MED1, PPARGC1A	0.4	0.33
ASH2L, EZH2, FOXA1, FOXA2, GATA1, GTSF1, HNF4A, MED1, PPARGC1A	0.4	0.33
ASH2L, EZH2, FOXA1, FOXA2, GATA1, HEMGN, HNF4A, MED1, PPARGC1A	0.4	0.33
ASH2L, EZH2, FOXA1, FOXA2, GATA1, HNF4A, MED1, PPARGC1A, PRM1	0.4	0.33
ASH2L, EZH2, FOXA1, FOXA2, GATA1, HNF4A, MED1, PPARGC1A, PRM3	0.4	0.33
FAT4, FRMD6, WWC1	0.4	0.33
FAT4, FRMD1, WWC1	0.4	0.33
CS, DLAT, SDHB	0.4	0.33
BRPF1, ING5, KAT6B	0.4	0.33
ASXL2, KDM1B, MBD6	0.4	0.33
ANG, CEBPA, CEBPB, HNF4A, PPARGC1A, RB1	0.4	0.33
CDKN1A, CREBBP, GAPDH, GAPDHS, HDAC3, HTT, ITGB3, JUND, MAPK9, NCOA2, NCOA3, PDGFRB, SIN3A, SMAD4, SPI1	0.4	0.33
SF3B2, U2AF2, ZRSR2	0.4	0.33
SF3B6, U2AF2, ZRSR2	0.4	0.33
CALM3, CDC42, DEF6, PAFAH1B1, RAC1, RHOA	0.4	0.33
AGK, PEBP1, PPP6C, TSC2, YWHAB, YWHAH, YWHAQ	0.4	0.29
FAM131B, PEBP1, PPP6C, TSC2, YWHAB, YWHAH, YWHAQ	0.4	0.29
KIAA1549, PEBP1, PPP6C, TSC2, YWHAB, YWHAH, YWHAQ	0.4	0.29
ASH2L, EBF1, EZH2, FOXA1, FOXA2, GATA1, HNF4A, MED1, MORN2, PPARGC1A, SREBF1, TGFB1, WNT1, ZNF808	0.4	0.29
ASH2L, EBF1, EZH2, FOXA1, FOXA2, GATA1, HNF4A, MED1, PPARGC1A, SREBF1, TGFB1, TRIM44, WNT1, ZNF808	0.4	0.29
ASH2L, EBF1, EZH2, FOXA1, FOXA2, GATA1, HNF4A, MED1, PPARGC1A, SREBF1, TGFB1, UTP14C, WNT1, ZNF808	0.4	0.29
ASH2L, EBF1, EZH2, FOXA1, FOXA2, GATA1, HNF4A, MED1, PPARGC1A, SREBF1, TGFB1, VCX, WNT1, ZNF808	0.4	0.29
ASH2L, EBF1, ECT2, EZH2, FOXA1, FOXA2, GATA1, HNF4A, MED1, PPARGC1A, SREBF1, TGFB1, WNT1, ZNF808	0.4	0.29
ASH2L, EBF1, EZH1, EZH2, FOXA1, FOXA2, GATA1, HNF4A, MED1, PPARGC1A, SREBF1, TGFB1, WNT1, ZNF808	0.4	0.29
ASH2L, EBF1, EZH2, FOXA1, FOXA2, FOXQ1, GATA1, HNF4A, MED1, PPARGC1A, SREBF1, TGFB1, WNT1, ZNF808	0.4	0.29
ASH2L, EBF1, EZH2, FOXA1, FOXA2, GATA1, HNF4A, MED1, OSGIN1, PPARGC1A, SREBF1, TGFB1, WNT1, ZNF808	0.4	0.29
ASH2L, EBF1, EZH2, FOXA1, FOXA2, GATA1, HNF4A, MED1, PKDCC, PPARGC1A, SREBF1, TGFB1, WNT1, ZNF808	0.4	0.29
ASH2L, EBF1, EZH2, FOXA1, FOXA2, GATA1, HNF4A, MED1, PPARGC1A, SELENBP1, SREBF1, TGFB1, WNT1, ZNF808	0.4	0.29
ASH2L, EBF1, EZH2, FOXA1, FOXA2, GATA1, HNF4A, MED1, PPARGC1A, SORBS2, SREBF1, TGFB1, WNT1, ZNF808	0.4	0.29
COPS5, ENPP2, FOS, HIF1A, JUN, POU2F1, TCF12	0.4	0.29
CCNH, CUL4B, ELL, ERCC2, PARP1, RAD23B, ZNF830	0.4	0.29
COPS5, FOS, HIF1A, JUN, MTCH1, POU2F1, TCF12	0.4	0.29
COPS5, FOS, HIF1A, JUN, POU2F1, SLC38A6, TCF12	0.4	0.29
CUL4B, ELL, ERCC2, MNAT1, PARP1, RAD23B, ZNF830	0.4	0.29
CYP2C8, CYP2E1, EPHX1, HPGDS	0.4	0.25
EIF3A, EIF3S8, PABPC1, RPSA	0.4	0.25
ASH2L, EGR2, MSC, NANOG, PAX6, PAXIP1, PBX1, PIAS2, POU5F1, RARG, SOX2, ZSCAN10	0.4	0.25
ASH2L, DDC, EGR2, NANOG, PAX6, PAXIP1, PBX1, PIAS2, POU5F1, RARG, SOX2, ZSCAN10	0.4	0.25
ASH2L, EGR2, MAB21L1, NANOG, PAX6, PAXIP1, PBX1, PIAS2, POU5F1, RARG, SOX2, ZSCAN10	0.4	0.25
BCL10, CASP1, MNDA, NOD2, PYCARD, RIPK2, TAB2, TNFAIP3	0.4	0.25
BCL10, CASP1, NLRP10, NOD2, PYCARD, RIPK2, TAB2, TNFAIP3	0.4	0.25
BCL10, CASP1, NLRP6, NOD2, PYCARD, RIPK2, TAB2, TNFAIP3	0.4	0.25
BCL10, CASP1, NLRP7, NOD2, PYCARD, RIPK2, TAB2, TNFAIP3	0.4	0.25
BCL10, CASP1, NLRP9, NOD2, PYCARD, RIPK2, TAB2, TNFAIP3	0.4	0.25
BCL10, CASP1, NOD2, PYCARD, PYDC1, RIPK2, TAB2, TNFAIP3	0.4	0.25
BCL10, CASP1, NOD2, PYCARD, PYHIN1, RIPK2, TAB2, TNFAIP3	0.4	0.25
BCAR1, BCAR3, CASS4, CAV1, CSK, FN1, IRS1, KDR, LCK, MET, PDGFA, SH2D3C	0.4	0.25
ARHGAP24, ASH2L, EGR2, NANOG, PAX6, PAXIP1, PBX1, PIAS2, POU5F1, RARG, SOX2, ZSCAN10	0.4	0.25
ASH2L, EGR2, NANOG, PAX6, PAXIP1, PBX1, PIAS2, POU5F1, RARG, SOX2, TGFBI, ZSCAN10	0.4	0.25
ASH2L, EGR2, NANOG, PAX6, PAXIP1, PBX1, PIAS2, POU5F1, RARG, SOX2, ZNF281, ZSCAN10	0.4	0.25
ASH2L, EGR2, NANOG, PAX6, PAXIP1, PBX1, PIAS2, POU5F1, RARG, SOX2, ZNF609, ZSCAN10	0.4	0.25
EIF1AX, EIF2S1, EIF4A1, EIF4H	0.4	0.25
NOTCH2, NOTCH3, PCSK6, RFNG	0.4	0.25
ITGAX, PAX5, POU2F2, ZNF750	0.4	0.25
CBFB, CDK6, MYB, MYOD1, RUNX1, SETD3, SMARCC2, TCF3, ZFHX3	0.39	0.78
MSH2, MSH6, MUTL, PMS2	0.39	0.75
CIITA, EBF1, IRF4, WWOX	0.39	0.75
AR, CCND1, EPHX2, FOXA1, GATA1, HNF4A, KAT5, TCF7L2, ZNF823	0.39	0.56
APOL4, AR, CCND1, FOXA1, GATA1, HNF4A, KAT5, TCF7L2, ZNF823	0.39	0.56
APOM, AR, CCND1, FOXA1, GATA1, HNF4A, KAT5, TCF7L2, ZNF823	0.39	0.56
ASCL3, ID2, MYOD1, TCF3	0.39	0.5
LEF1, LEO1, SMARCD2, TCF7L2	0.39	0.5
BRCA1, DDX5, EGR1, ETS1, TBXAS1, TP53	0.39	0.5
BCL2, NEDD9, PCNA, PPP1CC, RAD21, STAT6	0.39	0.5
CASP10, CASP8, DAXX, FADD, FAS, PLEKHG5, TNFAIP3, TNLG4A, TRAF1	0.39	0.44
FGFR2, FOXA2, HNF4A, PRKCB, SLC2A2	0.39	0.4
BAX, LMO2, NHLH2, SIRT1, XRCC6	0.39	0.4
AKAP9, CHUK, FGFR2, FOXO3, HNF4A, MAL, MAPK1, MAPK3, NOTCH1, YWHAB	0.39	0.4
CDKN1B, FOXO4, STMN1, UHMK1, YWHAH	0.39	0.4
GLI1, GLI3, IFT88, SAP30, SIN3B, SMO, SUFU, ULK3	0.39	0.38
CCND1, ELOC, ENO1, HIF1A, MYCBP, NOTCH1, PSMA8, UBE2D1	0.39	0.38
TRIM11, TRIM27, TRIM29	0.39	0.33
DDX42, U2AF2, ZRSR2	0.39	0.33
SF3B3, U2AF2, ZRSR2	0.39	0.33
SF3B5, U2AF2, ZRSR2	0.39	0.33
DKFZP434N181, HES1, HEY1, JAG1, NEURL1, NOTCH2, RBPJ	0.39	0.29
CDK7, GATA1, GATA2, HDAC3, HNF4A, HOXC9, HOXD1, HOXD9, JUND, NCOA2, PPARA, RBBP7, SIN3A, TAL1	0.39	0.29
GLI1, GLI2, KIF3A, OFD1, PRKAR2A, PRKAR2B, SUFU	0.39	0.29
GATA1, HNF4G, NR0B2, SP5	0.39	0.25
CCNB1, EGR1, HNRNPA1, NFKBIA, RAD21, RPS7, TAF1, TPR, XPO1, YWHAE, ZNF786, ZWINT	0.39	0.25
FGF1, FGFR2, PAK4, SSH1	0.39	0.25
CTNND1, ROBO1, ROBO4, VASP	0.39	0.25
AR, CTNNB1, GSK3B, MAPK9, SMAD4, SRY, TCF7L2	0.38	0.57
NANOG, NR5A1, POU5F1, SALL4, SOX2, ZSCAN10	0.38	0.5
CNTFR, CSF3R, EML4, IL21, JAK1, JAK3	0.38	0.5
ARID1A, DPF3, KDM3A, SMARCC2, SMARCD1, SMARCE1	0.38	0.5
DDB2, DDI2, RAD23A, RAD23B, UBE2V2, XPA, XPC	0.38	0.43
DDB2, PHGDHL1, RAD23A, RAD23B, UBE2V2, XPA, XPC	0.38	0.43
DDB2, RAD23A, RAD23B, UBAC2, UBE2V2, XPA, XPC	0.38	0.43
ACTG1, CDKN1A, CDKN1B, CEBPA, CRKL, ERBB3, ETS1, ITGB4, LASP1, LPP, SRF, ZYX	0.38	0.42
GRIN2A, GRIN2D, SIPA1L1	0.38	0.33
BLM, MLH3, TOP3A	0.38	0.33
RARA, TFAP2C, ZNF335	0.38	0.33
BTG1, BTG2, CNOT8, MSI2, PABPC5, TOB2	0.38	0.33
CHEK2, HERC2, UIMC1	0.38	0.33
BHLHE40, TCF7L2, ZNF587	0.38	0.33
APP, DNASE2, GATA1, RB1, SPI1, SRF, YAP1	0.38	0.29
INSR, MAPK1, MAPK3, NGF, PLA2G16, RB1, RUNX2, SMAD1	0.38	0.25
CSN2, STAT5A, STAT5B, TH	0.38	0.25
ELF5, STAT5A, STAT5B, TH	0.38	0.25
CCNA2, CCNE1, CCT8, CDKN1A, NFKB2, NFKBIA, PSMB3, PSMC5, RUVBL1, SKP2, UBE2D1, USP37	0.38	0.25
DKFZP781N011, GLI1, GLI3, ZIC2	0.38	0.25
EGR4, NFATC2, NFATC3, RGS2	0.38	0.25
DKC1, PIF1, TERT, UBE3A	0.38	0.25
DKC1, PINX1, TERT, UBE3A	0.38	0.25
CDH1, CTNNA1, GFRA1, KIFC3	0.38	0.25
CDH1, CTNNA1, GFRA1, LIMA1	0.38	0.25
CDH1, CTNNA1, GFRA1, MGAT3	0.38	0.25
SDHA, SDHC, SDHD	0.37	1.0
CIITA, EBF1, IRF4, LITAF	0.37	0.75
CRLF2, IL7R, TSLP	0.37	0.67
ARNT, EPAS1, HIF1A, NDN, NOS3	0.37	0.6
DOCK7, ERBB3, ERBB4, NRG1, VEGFB	0.37	0.6
DDB2, NRIP2, RAD23A, RAD23B, UBE2V2, XPA, XPC	0.37	0.43
AIFM2, DDX5, E2F1, FOXA1, HDAC3, TP53, UBE2I	0.37	0.43
AXL, PIK3CB, PIK3R2, TLR3, TYRO3	0.37	0.4
CXCR4, GNAS, GNG7, GNGT1, GRK2, PAQR5	0.37	0.33
AXIN1, CACYBP, PPP2CA, SIAH1, SKP1, TBL1XR1	0.37	0.33
ARHGAP10, ARHGAP26, RND2	0.37	0.33
KBTBD7, NF1, SPRED1	0.37	0.33
CHD7, NLK, SETDB1	0.37	0.33
FTH1, FTL, NCOA4	0.37	0.33
CGA, TSHB, TSHR	0.37	0.33
CCR5, CHRM1, EDN1, GNA11, GNA15, GNAQ, TUB	0.37	0.29
CASZ1, HIF1A, JUND, MAPK12, NCOA3, SMAD4, SP1	0.37	0.29
ARID4B, DNMT1, SAP130, TTF1	0.37	0.25
CALR, PDIA3, PRKCSH, TAPBP	0.37	0.25
CHD4, GFI1B, MTA2, ZFPM1	0.37	0.25
ERG, MYBPC1, TNNC1, VIM	0.37	0.25
ERG, TNNC1, TNNT1, VIM	0.37	0.25
ERG, TNNC1, TNNT3, VIM	0.37	0.25
CAND1, CCDC22, CCDC93, ZBTB16	0.37	0.25
CDH10, CDH18, CDH6, CDH9	0.37	0.25
ACVR1, BMP4, NEK7, NEK8, SMAD7, SMAD9, TGFBR1, TGFBR2	0.37	0.25
ACVR1, ANKS3, BMP4, NEK8, SMAD7, SMAD9, TGFBR1, TGFBR2	0.37	0.25
ATF4, BCL2, CEBPA, CEBPB, IL2RG, NCOA1, STAT1, STAT5A, ZNF395	0.37	0.22
ACTA2, AQP3, CDH1, CTNNA1, CTNND1, EXOC3, MMP2, MMP9, STX4	0.37	0.22
ACTA2, AQP5, CDH1, CTNNA1, CTNND1, EXOC3, MMP2, MMP9, STX4	0.37	0.22
ARHGAP25, ASH2L, EGR2, NANOG, PAX6, PAXIP1, PBX1, PIAS2, PLEK, POU5F1, RARG, SOX2, THRA, ZSCAN10	0.37	0.21
CARD11, MALT1, UBE2V1	0.36	0.67
EREG, FGFR2, KIT, MYD88, PIK3C3, PTPN11, PTPRK, TEK	0.36	0.62
CTCF, NCOR1, RBBP4, SUFU, SUZ12, WNT1, ZNF219	0.36	0.57
HOXA9, HOXB8, MEIS1, PBX1	0.36	0.5
GNA11, GNAQ, KALRN, PLA2G12B	0.36	0.5
NANOG, PBX1, POU5F1, ZSCAN10	0.36	0.5
GLI1, GLI2, PTCH1, ZIC2	0.36	0.5
CBFB, ELF2, HIPK2, RUNX1	0.36	0.5
CDC25C, CDK2, CDKN1A, CDKN1B, CHEK1, FOXO4, SPDYE6	0.36	0.43
CDC25C, CDK2, CDKN1A, CDKN1B, CHEK1, FOXO4, SPDYA	0.36	0.43
CDC25C, CDK2, CDKN1A, CDKN1B, CHEK1, FOXO4, SPDYC	0.36	0.43
CDC25C, CDK2, CDKN1A, CDKN1B, CHEK1, FOXO4, SPDYE1	0.36	0.43
CDC25C, CDK2, CDKN1A, CDKN1B, CHEK1, FOXO4, SPDYE2	0.36	0.43
CDC25C, CDK2, CDKN1A, CDKN1B, CHEK1, FOXO4, SPDYE2B	0.36	0.43
CDC25C, CDK2, CDKN1A, CDKN1B, CHEK1, FOXO4, SPDYE3	0.36	0.43
CDC25C, CDK2, CDKN1A, CDKN1B, CHEK1, FOXO4, SPDYE4	0.36	0.43
CDC25C, CDK2, CDKN1A, CDKN1B, CHEK1, FOXO4, SPDYE5	0.36	0.43
GATA2, GATA3, KAT2B, RBPJ, RRP8, SIRT1, SUV39H1, TAL1, TFDP1, ZEB1	0.36	0.4
CDH1, CDH24, CTNNA1, CTNNAL1, RET	0.36	0.4
CBFB, EN1, KAT2B, KMT2D, PAX6, PAXIP1, RARB, SUZ12	0.36	0.38
GPR20, GPR35, P2RY8	0.36	0.33
RAD51B, RTEL1, XRCC3	0.36	0.33
CDC73, ELOA, WDR61	0.36	0.33
CDC73, ELOA2, WDR61	0.36	0.33
CDC73, ELOA3, WDR61	0.36	0.33
GHR, MAPK1, MAPK3, PTPN7, PTPRC, RARG	0.36	0.33
CHD1L, RNF111, XPC	0.36	0.33
BTK, CCND1, SP1, STAT5A, USF1, ZNF805	0.36	0.33
CCNB1, EGR1, HNRNPA1, NAB2, NFKBIA, RAD21, RPS7, TAF1, TPR, XPO1, YWHAE, ZNF786, ZWINT	0.36	0.31
AR, IL23A, IL23R, NR2C1, PIAS1, PIAS2, STAT4, STAT5A, STAT5B, STAT6	0.36	0.3
FFAR3, GNA11, GNA15, SAA1	0.36	0.25
GNA11, GNA15, GPR132, SAA1	0.36	0.25
GNA11, GNA15, GPR143, SAA1	0.36	0.25
GNA11, GNA15, GPR68, SAA1	0.36	0.25
GNA11, GNA15, P2RY6, SAA1	0.36	0.25
GLI3, PRKACA, PRKACB, VASP	0.36	0.25
ARNT, CSNK2B, ETS1, ETV4, FGF2, FLT1, HPGD, NOS3	0.36	0.25
DCC, MAP1B, NTN1, PITPNA	0.36	0.25
CHL1, CNTN6, HES1, HEY1, NOTCH1, NOTCH4, PSENEN, RBPJ	0.36	0.25
CCNB1, EGR1, HNRNPA1, KLF11, NFKBIA, RAD21, RPS7, TAF1, TPR, XPO1, YWHAE, ZNF786, ZWINT	0.36	0.23
CCNB1, EGR1, HNRNPA1, KDM7A, NFKBIA, RAD21, RPS7, TAF1, TPR, XPO1, YWHAE, ZNF786, ZWINT	0.36	0.23
CCNB1, DKKL1, EGR1, HNRNPA1, NFKBIA, RAD21, RPS7, TAF1, TPR, XPO1, YWHAE, ZNF786, ZWINT	0.36	0.23
CCNB1, EGR1, ETV2, HNRNPA1, NFKBIA, RAD21, RPS7, TAF1, TPR, XPO1, YWHAE, ZNF786, ZWINT	0.36	0.23
CCNB1, EGR1, HNRNPA1, NFKBIA, PHF14, RAD21, RPS7, TAF1, TPR, XPO1, YWHAE, ZNF786, ZWINT	0.36	0.23
CCNB1, EGR1, HNRNPA1, NFKBIA, RAD21, RPS7, SETX, TAF1, TPR, XPO1, YWHAE, ZNF786, ZWINT	0.36	0.23
CCNB1, EGR1, HNRNPA1, NFKBIA, RAD21, RPS7, SLC39A5, TAF1, TPR, XPO1, YWHAE, ZNF786, ZWINT	0.36	0.23
CCNB1, EGR1, HNRNPA1, NFKBIA, RAD21, RPS7, SYN1, TAF1, TPR, XPO1, YWHAE, ZNF786, ZWINT	0.36	0.23
CCNB1, EGR1, HNRNPA1, NFKBIA, RAD21, RPS7, TAF1, TPR, XPO1, YWHAE, ZNF345, ZNF786, ZWINT	0.36	0.23
CCNB1, EGR1, HNRNPA1, NFKBIA, RAD21, RPS7, TAF1, TPR, XPO1, YWHAE, ZNF536, ZNF786, ZWINT	0.36	0.23
CCNB1, EGR1, HNRNPA1, NFKBIA, RAD21, RPS7, TAF1, TPR, XPO1, YWHAE, ZNF652, ZNF786, ZWINT	0.36	0.23
AKT1, AKT2, FOXO4, MTOR, NRIP1, YWHAH	0.35	0.67
ATF7IP, SETD1B, SETDB1	0.35	0.67
CTCF, GLI1, HOXC10, SUZ12, WNT1	0.35	0.6
ARNT, DKFZP686M216, EPAS1, HIF1A, NOS3	0.35	0.6
ARNT, EPAS1, HIF1A, HIF1AN, NOS3	0.35	0.6
ARNT, CBL, CREB1, DKFZP686O0451, EGF, FLT1, IL6ST, TF	0.35	0.5
GATA2, LYL1, PRMT1, ZBTB7A	0.35	0.5
CD79B, GATA1, HNF4A, HOXD11, JUNB, POU2F2, TAL1, TCF12, ZNF823	0.35	0.44
CD79B, GATA1, HNF4A, JUNB, PHOX2B, POU2F2, TAL1, TCF12, ZNF823	0.35	0.44
DZIP1, GLI1, GLI3, IFT88, SAP30, SIN3B, SMO, SPOP, SUFU	0.35	0.44
ARID1A, IRF-1, KDM3A, SMARCC2, SMARCD1, SMARCE1, TOP2B	0.35	0.43
CDH1, CDH20, CTNNA1, CTNNAL1, RET	0.35	0.4
GNA11, GNAQ, KALRN, KCNJ14, XCL2	0.35	0.4
AJUBA, ATF4, GATA2, HYAL1, JUP, MYC, RARA, VEGFA	0.35	0.38
CD79B, GATA1, GPER1, HNF4A, JUNB, POU2F2, TAL1, TCF12, ZNF823	0.35	0.33
CD79B, GATA1, HNF4A, JUNB, POU2F2, TAL1, TCF12, UNCX, ZNF823	0.35	0.33
CD79B, GATA1, HNF4A, JUNB, POU2F2, SP9, TAL1, TCF12, ZNF823	0.35	0.33
ASCL4, CD79B, GATA1, HNF4A, JUNB, POU2F2, TAL1, TCF12, ZNF823	0.35	0.33
BHLHA9, CD79B, GATA1, HNF4A, JUNB, POU2F2, TAL1, TCF12, ZNF823	0.35	0.33
CD79B, DMRT1, GATA1, HNF4A, JUNB, POU2F2, TAL1, TCF12, ZNF823	0.35	0.33
CD79B, DMRTA2, GATA1, HNF4A, JUNB, POU2F2, TAL1, TCF12, ZNF823	0.35	0.33
CD79B, DUOXA1, GATA1, HNF4A, JUNB, POU2F2, TAL1, TCF12, ZNF823	0.35	0.33
CD79B, EVX2, GATA1, HNF4A, JUNB, POU2F2, TAL1, TCF12, ZNF823	0.35	0.33
CD79B, GATA1, HNF4A, JUNB, LHX5, POU2F2, TAL1, TCF12, ZNF823	0.35	0.33
CD79B, GATA1, HNF4A, JUNB, OTP, POU2F2, TAL1, TCF12, ZNF823	0.35	0.33
CD79B, GATA1, HNF4A, JUNB, PALLD, POU2F2, TAL1, TCF12, ZNF823	0.35	0.33
CD79B, GATA1, HNF4A, JUNB, POU2F2, PRDM8, TAL1, TCF12, ZNF823	0.35	0.33
CD79B, GATA1, HNF4A, JUNB, POU2F2, TAL1, TBR1, TCF12, ZNF823	0.35	0.33
CD79B, GATA1, HNF4A, JUNB, POU2F2, TAL1, TCF12, TFAP2D, ZNF823	0.35	0.33
CD79B, GATA1, HNF4A, JUNB, POU2F2, TAL1, TCF12, ZIC4, ZNF823	0.35	0.33
AEBP2, E2F6, EZH2, SP3, SUZ12, TFDP1	0.35	0.33
SIK3, STK11, STRADB	0.35	0.33
GNAI1, GNAQ, GNAS, GNG2, GPBAR1, PLCB2	0.35	0.33
GNAI1, GNAQ, GNAS, GNG2, GPR15, PLCB2	0.35	0.33
GNAI1, GNAQ, GNAS, GNG2, GPR150, PLCB2	0.35	0.33
GNAI1, GNAQ, GNAS, GNG2, GPR176, PLCB2	0.35	0.33
GNAI1, GNAQ, GNAS, GNG2, GPR25, PLCB2	0.35	0.33
GNAI1, GNAQ, GNAS, GNG2, GPR27, PLCB2	0.35	0.33
GNAI1, GNAQ, GNAS, GNG2, GPR32, PLCB2	0.35	0.33
GNAI1, GNAQ, GNAS, GNG2, GPR83, PLCB2	0.35	0.33
GNAI1, GNAQ, GNAS, GNG2, GPR84, PLCB2	0.35	0.33
GNAI1, GNAQ, GNAS, GNG2, PLCB2, TAAR1	0.35	0.33
B2M, FCGRT, LILRA1	0.35	0.33
NCAPD3, NCAPH2, SET	0.35	0.33
E2F6, EZH2, PHF1, SP3, SUZ12, TFDP1	0.35	0.33
BOD1, CCNB1, NFKBIA, RAD21, TPR, XPO1, ZWINT	0.35	0.29
CCNB1, DCTPP1, NFKBIA, RAD21, TPR, XPO1, ZWINT	0.35	0.29
CCNB1, DLX3, NFKBIA, RAD21, TPR, XPO1, ZWINT	0.35	0.29
CCNB1, EPOP, NFKBIA, RAD21, TPR, XPO1, ZWINT	0.35	0.29
CCNB1, FDFT1, NFKBIA, RAD21, TPR, XPO1, ZWINT	0.35	0.29
CCNB1, NFKBIA, OLA1, RAD21, TPR, XPO1, ZWINT	0.35	0.29
CCNB1, NFKBIA, PDIK1L, RAD21, TPR, XPO1, ZWINT	0.35	0.29
CCNB1, NFKBIA, RAD21, TPR, XPO1, ZNF334, ZWINT	0.35	0.29
PPAN, RPL10, RPL11, RPL13A, RPL3, RPL5, RPL7, RSL24D1	0.35	0.25
DNMT1, SAP130, SAP30L, TTF1	0.35	0.25
BCL2, CRKL, CSNK2B, ETS1, IL2, IL2RB, NFKB2, PAX3, RNGTT, RNMT, SRF, SUPT5H	0.35	0.25
AES, EYA1, SIX1, TLE1	0.35	0.25
AES, EYA2, SIX1, TLE1	0.35	0.25
AES, EYA3, SIX1, TLE1	0.35	0.25
AES, EYA4, SIX1, TLE1	0.35	0.25
CHST11, CSGALNACT1, CSPG4, NCAN	0.35	0.25
MYH9, PKN2, RHOB, ROCK1	0.35	0.25
CREM, MLXIPL, PRKAR1A, PRKAR2B	0.35	0.25
HGF, KPNB1, MET, TNS4	0.35	0.25
CUL3, KEAP1, ZBTB16	0.34	1.0
EGR1, POLR2J3, RB1, SMARCA4, TAL1	0.34	0.6
EP300, ESR1, GAS2, HIST1H4A, MAPK14, RAD21	0.34	0.5
EP300, ESR1, FOXL1, HIST1H4A, MAPK14, RAD21	0.34	0.5
CBFB, GATA1, GATA2, HDAC4, HDAC5, KLF3, MTA2, TAL1, ZEB1, ZFPM2	0.34	0.5
CBFB, GATA1, GATA2, HDAC4, HDAC5, MTA2, RHBDD1, TAL1, ZEB1, ZFPM2	0.34	0.5
CBFB, GATA1, GATA2, HDAC4, HDAC5, MTA2, SLC11A2, TAL1, ZEB1, ZFPM2	0.34	0.5
GLI1, GLI3, IFT88, SAP30, SIN3B, SMO, SPOP, SPOPL, SUFU	0.34	0.44
DOT1L, ID2, MYOD1, TCF3, TCF4	0.34	0.4
ASXL1, BAP1, FOXK1, FOXK2, MBD6	0.34	0.4
APEX1, JUNB, MPG, NPM1, SMARCA4, TFAP2A	0.34	0.33
CPSF6, NONO, SFPQ	0.34	0.33
BIRC7, CASP9, DIABLO	0.34	0.33
HOXB5, HOXB6, PBX1	0.34	0.33
KDM3A, PPARG, UCP1	0.34	0.33
CCND2, CDK5, CDK5R1, CDK5R2, FOXO1, FOXO3, GABARAPL2, GOLGA2, NDEL1	0.34	0.33
CARM1, DKFZP761C0417, EHMT2, NCOA2	0.34	0.25
IQGAP1, MYH9, MYL6, MYO18A	0.34	0.25
CAMKK2, LEPR, PRKAG3, STK11	0.34	0.25
ATXN3, RAD23A, RAD23B, XPC	0.34	0.25
GPR35, GPR4, GPR55, P2RY8	0.34	0.25
GPR35, GPR55, P2RY10, P2RY8	0.34	0.25
ID2, ID4, MYF6, OLIG2	0.34	0.25
IL33, KIT, KITLG, PTPRO	0.34	0.25
MTA2, NANOG, SALL4, SATB2	0.34	0.25
EDIL3, HMGB1, ITGAV, ITGB3	0.34	0.25
MAP3K1, MAP3K11, MAP4K1, MAPK8IP3	0.34	0.25
GPC3, MAPK8, MAPK9, TRPV1	0.34	0.25
CCL19, ENTPD1, NFKB2, RELB	0.34	0.25
CCL19, ENTPD8, NFKB2, RELB	0.34	0.25
CCL19, ENTPD3, NFKB2, RELB	0.34	0.25
CDKN2C, KMT2A, MEN1, WDR5B	0.33	0.75
CDX2, CTBP1, EZH2, KMT2D, LEF1, PAX6, TCF7L2	0.33	0.71
PML, RANBP2, SEC13, ZWINT	0.33	0.5
APP, CTCF, GLI1, JUP, KAT5, NCOR1, NFKB2, RBBP4, RELA, SETD6, SUZ12, TAL1, USF2	0.33	0.46
APC, NCOR1, NOTCH1, RPS27A, UBA52, UBC, ZRANB1	0.33	0.43
CTNNB1, GNB1, JAK2, JUN, MAPK3, NUMA1, PRKACA, SP1, VARIANT, YWHAG	0.33	0.4
E2F6, FEV, RUNX3, SPIB, ZEB1	0.33	0.4
E2F4, EZH2, TCF25, XPO1, ZWINT	0.33	0.4
E2F4, EZH2, TMA16, XPO1, ZWINT	0.33	0.4
E2F4, EZH2, XPO1, XPO7, ZWINT	0.33	0.4
DDX3X, DDX58, IFIH1	0.33	0.33
BIRC8, CASP9, DIABLO	0.33	0.33
HOXA9, MEIS1, TCF12	0.33	0.33
ARNT, CALM3, CAMK4, EPAS1, GPC1, HIF1A, HSP90B1, NOS3, PPM1E	0.33	0.33
CCL11, CCR7, CXCR2, CXCR4, DNM1, RGR	0.33	0.33
KDM3B, PPARG, UCP1	0.33	0.33
TRIM10, TRIM11, TRIM27	0.33	0.33
DKFZP434N181, FCER2, HES1, HEY1, MAML2, PTF1A, RBPJL	0.33	0.29
CR2, DKFZP434N181, HES1, HEY1, MAML2, PTF1A, RBPJL	0.33	0.29
DKFZP434N181, HES1, HEY1, MAML2, PTCRA, PTF1A, RBPJL	0.33	0.29
AKT1, AKT2, IKBKG, IRF3, IRS1, PRKCD, WDFY2	0.33	0.29
CCNI2, CDK5, NDEL1, YWHAE	0.33	0.25
CDK5, DCLK3, NDEL1, YWHAE	0.33	0.25
CDK5, FSD1, NDEL1, YWHAE	0.33	0.25
CDK5, NDEL1, SCYL2, YWHAE	0.33	0.25
CALR, GANAB, PDIA3, PRKCSH	0.33	0.25
PARD3, PARD6A, PARD6B, PTEN	0.33	0.25
FLCN, FNIP1, RRAGC, RRAGD	0.33	0.25
CCNT1, CYP19A1, ESR1, USF2	0.33	0.25
CD79B, INPP5D, MAGI2, MAGI3, PIK3C2B, PLCE1, PTEN, RAPGEF2, RAPGEF6, SYNJ1, SYNJ2, ZEB1	0.33	0.25
IL1B, SPI1, SRCAP, ZEB1	0.33	0.25
DCN, E2F6, MAX, ZNF292	0.33	0.25
PTCH1, SAP30, SHH, SMO, STIL, SUFU	0.32	0.67
BCL9L, MEN1, PYGO2	0.32	0.67
CBL, CDH1, HIF1A, NEDD8, SMAD4, UBB, UCHL3	0.32	0.57
BSCL2, CEBPB, CTCF, EP300, ESR1, MAPK14	0.32	0.5
ARF6, EGFR, ERBB2, GAB1, IQSEC1, ITGA6, MAP2K1	0.32	0.43
ITGB4, NFKBIA, PIK3CA, PIK3R1, RAF1, YWHAZ, ZMYM2	0.32	0.43
PRKCA, PROTEIN, PTPN11, TEC, VAV3	0.32	0.4
NCAPH2, SET, SMC4	0.32	0.33
DCHS1, NF2, WWC1	0.32	0.33
ACKR2, ACKR3, XCR1	0.32	0.33
SH3GL1, SH3GL2, SRGAP3	0.32	0.33
EPHB4, MYL12A, SRC	0.32	0.33
ATM, CDKN1A, DDB1, HSP90AB1, RPL11, SUMO2, TP53, UBE2D1, ZNF420	0.32	0.33
EPHA7, NGEF, YES1	0.32	0.33
GLI1, GLI2, IFT88, MAST2, STK36, SUFU	0.32	0.33
BCL2L1, CYCS, MAPK1, MAPK3, PEA15, RPS6KA3, TSC1	0.32	0.29
CCL5, ICAM1, NFKB2, NFKBIB, NKIRAS1, REL, RELB	0.32	0.29
CCL5, ICAM1, NFKB2, NFKBIB, NKIRAS2, REL, RELB	0.32	0.29
AMOTL2, LATS2, MOB1B, SAV1	0.32	0.25
AMOTL1, LATS2, MOB1B, SAV1	0.32	0.25
ADGRA2, HMGB1, ITGAV, ITGB3	0.32	0.25
GPR18, GPR35, P2RY10, P2RY8	0.32	0.25
CCNT1, ESR1, USF2, WBP2	0.32	0.25
CSF1R, HGF, RET, SRC	0.31	0.75
MSH2, MSH3, MSH6, PMS2	0.31	0.75
ELK1, EPAS1, PBX1, SOX2, ZSCAN10	0.31	0.6
BCL2, BCL2L1, DDIT3, PMAIP1	0.31	0.5
FGFR1OP2, ITGB4, NFKBIA, PIK3CA, PIK3R1, RAF1, YWHAZ	0.31	0.43
ALX4, NANOG, NR5A1, POU5F1, SALL4, SOX2, ZSCAN10	0.31	0.43
NANOG, NR5A1, POU5F1, SALL4, SOX14, SOX2, ZSCAN10	0.31	0.43
CTCF, LIPA, PPARD, RARA, VEGFA	0.31	0.4
CTCF, PPARD, RARA, UCP3, VEGFA	0.31	0.4
EPHB6, MYL12A, SRC	0.31	0.33
MYC, PRAME, ZBTB7A	0.31	0.33
MAPK1, RPS6KA2, SHANK1	0.31	0.33
ACTR3, CDH1, EGF, SMAD4, TRAF6, UBB, USP9X	0.31	0.29
EBF1, KLF1, RFX5, SOX15	0.31	0.25
LATS2, MOB1B, SAV1, WTIP	0.31	0.25
CCR5, CHRM1, ECE2, EDN1, GNA11, GNA15, GNAQ, TUB	0.31	0.25
CCR5, CHRM1, EDN1, ETB1, GNA11, GNA15, GNAQ, TUB	0.31	0.25
CDKN2C, KMT2A, MEN1, MLL2	0.3	0.75
BRD7, TP53, TRIM24	0.3	0.67
MPL, STAT3, TSLP	0.3	0.67
ETV4, GATA1, GATA2, HDAC5, LDB1, LDB2, MYB, SSBP2, SSBP4, TAL1, TCF3	0.3	0.55
ETV4, GATA1, GATA2, HDAC5, LDB1, LDB2, MYB, SSBP3, SSBP4, TAL1, TCF3	0.3	0.55
BASH, CD79A, CD79B, SH3BP5	0.3	0.5
NCBP2, SFPQ, SRPK1, ZRSR2	0.3	0.5
BTK, CCND1, CRK, GLMP, MET, RAC1, SP1, STAT5A, USF1, ZNF805	0.3	0.4
BTK, CCND1, CRK, LONP1, MET, RAC1, SP1, STAT5A, USF1, ZNF805	0.3	0.4
BTK, CCND1, CRK, MET, RAC1, SP1, STAT5A, THAP5, USF1, ZNF805	0.3	0.4
BTK, CCND1, CRK, MET, RAC1, SP1, STAT5A, USF1, ZNF507, ZNF805	0.3	0.4
CHUK, CSK, ERBB4, ESR1, ESR2, IGF1R, MYD88, REXO4, UBE2M	0.3	0.33
CHUK, CRYZ, CSK, ERBB4, ESR1, ESR2, IGF1R, MYD88, UBE2M	0.3	0.33
IFNLR1, STAT3, TSLP	0.3	0.33
GATA2, GATA6, ZFPM2	0.3	0.33
GRIN2A, GRIN2C, SIPA1L1	0.3	0.33
BRCA1, EGF, EP300, H3F3A, ING2, ITGB1, PPP2CA, SF3B1, TBP	0.3	0.33
ATP1A1, ATP1A4, ATP1B2, FXYD3	0.3	0.25
ATP1A1, ATP1A4, ATP1B2, FXYD6	0.3	0.25
ATP1A1, ATP1A4, ATP1B2, FXYD7	0.3	0.25
ABLIM1, DCC, NTN1, TRIO	0.3	0.25
ABLIM2, DCC, NTN1, TRIO	0.3	0.25
RELA, SIRT1, TP73, WT1	0.3	0.25
BCL10, RPS27A, UBA52, ZSWIM8	0.3	0.25
APAF1, CASP9, CYC1, UACA	0.3	0.25
IL1B, SPI1, TRIM37, ZEB1	0.3	0.25
CD79B, INPP5D, MAGI2, MAGI3, PIK3C2B, PLCD1, PTEN, RAP2B, RAPGEF2, RAPGEF6, SYNJ1, SYNJ2, ZEB1	0.3	0.23
BRCA1, CCNB1, CCNH, HIPK1, HIPK4, RASSF5, TP53, USF1, YY1	0.3	0.22
AFAP1L2, DVL3, FBXW7, JUN, MEF2C, NOTCH1	0.29	0.5
CIITA, EBF1, HSH2D, IRF2, IRF4, WWOX	0.29	0.5
CIITA, EBF1, IRF2, IRF4, LRMP, WWOX	0.29	0.5
ATF1, CREB1, HLA-G, SLC19A1	0.29	0.5
BCL10, FLJ00120, MALT1, UBE2V1	0.29	0.5
KRAS, MLLT4, NRAS, RALB, RGL1	0.29	0.4
BRCA1, CDK4, CDK7, EGF, EP300, HDAC2, PDGFRA, PPP2CA, RXRA, SHF	0.29	0.4
ID2, MLXIP, MYOD1, TCF21, TCF3	0.29	0.4
ESRRB, ID2, MYOD1, TCF21, TCF3	0.29	0.4
ATOH1, ID2, MYOD1, TCF21, TCF3	0.29	0.4
ATF1, CREB1, CREB3L3, HLA-G, PRKD1, ZNF516	0.29	0.33
BRAF, BRAP, KSR2, MAP2K1, MAP3K11, MAPK6, PAK3, PAK4, RAF1	0.29	0.33
AURKC, SRPK1, SRPK2, ZRSR2	0.29	0.25
CDKL3, SRPK1, SRPK2, ZRSR2	0.29	0.25
DBF4B, SRPK1, SRPK2, ZRSR2	0.29	0.25
CKS1B, MYC, NFYA, TESC	0.29	0.25
CD47, SIRPA, SIRPG, SKAP2	0.29	0.25
ATF2, CREB3L2, VEGFD, ZNF516	0.29	0.25
ATP1A1, ATP1A4, ATP1B2, FXYD4	0.29	0.25
CHD2, CHD6, HNF4G, SRCAP	0.29	0.25
ARR3, F2R, FZD3, GNA11, GNA14, GNAQ, KALRN, OPN4, WNT7A	0.29	0.22
HRAS, KRAS, MOK, PIM1, TPM3	0.28	0.8
AKT2, AKT3, MTCP1, PPP1R3E	0.28	0.75
AKT2, AKT3, PPP1R3E, TCL1A	0.28	0.75
ABCB1, RARA, WT1	0.28	0.67
BDKRB1, ETV4, JUN	0.28	0.67
CDH1, DDX5, E2F1, EP300, FAM3B, SMAD3, SPI1, TCF7L2	0.28	0.62
CDH1, DDX5, E2F1, EP300, MLLT6, SMAD3, SPI1, TCF7L2	0.28	0.62
CCND1, CDKN1A, CREB3L1, CSRP3, HEY1, NEUROD2, NHLH1, TAF7, TCF12, TCF3	0.28	0.5
AKT2, AKT3, PPP1R3E, SLC2A5	0.28	0.5
AKT2, AKT3, PPP1R3E, TCL1B	0.28	0.5
BATF, CTCF, IL1A, PPM1D	0.28	0.5
DCN, HEY1, MAGEA2, MYC	0.28	0.5
LEF1, LEO1, SOX13, TCF7L2	0.28	0.5
ITGAX, PAX5, POU2F2, TET2, ZNF750	0.28	0.4
BCL2L12, ELK4, NR1H2, NR4A1, SRF	0.28	0.4
GNA11, GNAQ, KALRN, PLA2G5, PLA2R1	0.28	0.4
ACHE, ATF1, CD8A, CREB1, HLA-G	0.28	0.4
H1F0, HMGA2, UBN1	0.28	0.33
AGT, EP300, VTN	0.28	0.33
LDB1, PITX2, TRRAP	0.28	0.33
ATM, CDKN1A, DDB1, E4F1, HSP90AB1, RPL11, SUMO2, TP53, UBE2D1, ZNF420	0.28	0.3
ATM, CDKN1A, DDB1, HSP90AB1, RPL11, SUMO2, TK1, TP53, UBE2D1, ZNF420	0.28	0.3
ADGRB1, ATM, CDKN1A, DDB1, HSP90AB1, RPL11, SUMO2, TP53, UBE2D1, ZNF420	0.28	0.3
ATM, CD82, CDKN1A, DDB1, HSP90AB1, RPL11, SUMO2, TP53, UBE2D1, ZNF420	0.28	0.3
ATM, CDKN1A, DDB1, EI24, HSP90AB1, RPL11, SUMO2, TP53, UBE2D1, ZNF420	0.28	0.3
ATM, CDKN1A, DDB1, GAMT, HSP90AB1, RPL11, SUMO2, TP53, UBE2D1, ZNF420	0.28	0.3
ATM, CDKN1A, DDB1, GML, HSP90AB1, RPL11, SUMO2, TP53, UBE2D1, ZNF420	0.28	0.3
ATM, CDKN1A, DDB1, HSP90AB1, L3MBTL1, RPL11, SUMO2, TP53, UBE2D1, ZNF420	0.28	0.3
ATM, CDKN1A, DDB1, HSP90AB1, MAP4, RPL11, SUMO2, TP53, UBE2D1, ZNF420	0.28	0.3
ATM, CDKN1A, DDB1, HSP90AB1, P2RX1, RPL11, SUMO2, TP53, UBE2D1, ZNF420	0.28	0.3
ATM, CDKN1A, DDB1, HSP90AB1, P2RX4, RPL11, SUMO2, TP53, UBE2D1, ZNF420	0.28	0.3
ATM, CDKN1A, DDB1, HSP90AB1, PEG3, RPL11, SUMO2, TP53, UBE2D1, ZNF420	0.28	0.3
ATM, CDKN1A, DDB1, HSP90AB1, PPP1R7, RPL11, SUMO2, TP53, UBE2D1, ZNF420	0.28	0.3
ATM, CDKN1A, DDB1, HSP90AB1, RPL11, SETD9, SUMO2, TP53, UBE2D1, ZNF420	0.28	0.3
ATM, CDKN1A, DDB1, HSP90AB1, RPL11, SUMO2, TP53, TP53I3, UBE2D1, ZNF420	0.28	0.3
ATM, CDKN1A, DDB1, HSP90AB1, RPL11, SUMO2, TP53, TP53TG5, UBE2D1, ZNF420	0.28	0.3
ATM, CDKN1A, DDB1, HSP90AB1, RPL11, SUMO2, TP53, UBE2D1, USP42, ZNF420	0.28	0.3
ATM, CDKN1A, DDB1, HSP90AB1, RPL11, SUMO2, TP53, UBE2D1, ZMAT3, ZNF420	0.28	0.3
GPC3, MAPK8, MAPK9, PCYT1B	0.28	0.25
BATF, CTCF, IL1A, ZNF750	0.28	0.25
ADTRP, BCL11A, DEAF1, MEF2C	0.28	0.25
GPC3, MAPK8, MAPK9, PCYT1A	0.28	0.25
ARID3B, ATF1, BATF, CTCF, EGR1, FLT1, IL1A, JUNB, ZNF750	0.28	0.22
ATF1, BATF, CTCF, EGR1, FLT1, IL1A, JUNB, ZNF425, ZNF750	0.28	0.22
ABHD14B, ATF1, BATF, CTCF, EGR1, FLT1, IL1A, JUNB, ZNF750	0.28	0.22
ADGRG1, ATF1, BATF, CTCF, EGR1, FLT1, IL1A, JUNB, ZNF750	0.28	0.22
ADNP, ATF1, BATF, CTCF, EGR1, FLT1, IL1A, JUNB, ZNF750	0.28	0.22
ARL8B, ATF1, BATF, CTCF, EGR1, FLT1, IL1A, JUNB, ZNF750	0.28	0.22
ATF1, BATF, CEP85, CTCF, EGR1, FLT1, IL1A, JUNB, ZNF750	0.28	0.22
ATF1, BATF, CTCF, EGR1, EPB41L4B, FLT1, IL1A, JUNB, ZNF750	0.28	0.22
ATF1, BATF, CTCF, EGR1, FLT1, IL1A, IRF2BP1, JUNB, ZNF750	0.28	0.22
ATF1, BATF, CTCF, EGR1, FLT1, IL1A, JUNB, KIF1B, ZNF750	0.28	0.22
ATF1, BATF, CTCF, EGR1, FLT1, IL1A, JUNB, P3H3, ZNF750	0.28	0.22
ATF1, BATF, CTCF, EGR1, FLT1, IL1A, JUNB, RBM15B, ZNF750	0.28	0.22
ATF1, BATF, CTCF, EGR1, FLT1, IL1A, JUNB, RERG, ZNF750	0.28	0.22
ATF1, BATF, CTCF, EGR1, FLT1, IL1A, JUNB, THAP11, ZNF750	0.28	0.22
ATF1, BATF, CTCF, EGR1, FLT1, IL1A, JUNB, ZBTB20, ZNF750	0.28	0.22
ATF1, BATF, CTCF, EGR1, FLT1, IL1A, JUNB, ZNF639, ZNF750	0.28	0.22
ADAMTS8, ATF1, BATF, CTCF, EGR1, FLT1, IL1A, JUNB, ZNF750	0.28	0.22
ATF1, BATF, CTCF, EGR1, FLT1, IL1A, JUNB, LPIN3, ZNF750	0.28	0.22
CENPS, CHUK, DVL1, EGR2, NCOR1, NOTCH1, OCRL, PAK2, PTEN, RPS27A, UBA52, UBB, UBC, WWP2	0.28	0.21
CDX2, CTBP1, EZH2, KMT2D, LEF1, PAX6, REG4, TCF7L2	0.27	0.62
FLJ00371, HRAS, KRAS, RALA, TPM3	0.27	0.6
CBX1, CEBPB, CTCF, EMSY, EP300, ESR1, MAPK14, PTPN6	0.27	0.5
FGFRL1, HRAS, KRAS, NRAS, PPP2R2B, SPRED1, SPRED2, TPM3	0.27	0.5
AXIN1, CSNK2A1, DDB2, NFIC, SIAH1, TP53, USP24	0.27	0.43
DDX5, EP300, STAT5A, TCF7L2, TFAP2A, TNF, YY1, ZNF300	0.27	0.38
ITGB4, NFKBIA, NYAP1, PIK3CA, PIK3R1, RAF1, YWHAZ, ZMYM2	0.27	0.38
ITGB4, NFKBIA, NYAP2, PIK3CA, PIK3R1, RAF1, YWHAZ, ZMYM2	0.27	0.38
DICER1, PIWIL1, PIWIL3	0.27	0.33
CTNNA1, EP300, HNRNPA1, JUND, PTOV1, YWHAE	0.27	0.33
CTNNA1, EP300, HNRNPA1, JUND, WWC2, YWHAE	0.27	0.33
IL1RAP, IL1RAPL2, PTPRD	0.27	0.33
AKT1, MAPKAPK2, ZFP36L1	0.27	0.33
CREB1, CYP17A1, NR5A1	0.27	0.33
ADIRF, CSRNP1, EBF1, PAX5, WNT7A, ZNF638	0.27	0.33
AKT3, APOB, APP, CD14, ERBB4, HNF4A, HSP90AB1, ITGAM, JAK1, JUP, KDR, LEF1, MAT2A, MAT2B, POU2F2, PRKCE, SP1, SP2, STAT3	0.27	0.32
CDCA7L, E2F1, EP300, HDAC3, MAX, NR3C1, SKP2, STAT5B, TFAP2A, YY1	0.27	0.3
ATF2, EP300, HIST1H3A, NFAT5, SF3B1, TFAP2A, TNF	0.27	0.29
CDK7, EP300, MDFI, PRPF19, PTPN6, SPI1, USF1	0.27	0.29
ABCA7, APOA1, ESR1, SP3	0.27	0.25
APOA1, ESR1, HDLBP, SP3	0.27	0.25
BCL11A, DEAF1, MEF2C, MS4A1	0.27	0.25
CCND1, CXCR4, EP300, GRHL2, HLA-DRA, POU2F1, POU2F2, PPARG, STAT5B	0.26	0.56
FIGLA, ID3, MYOG, TCF3	0.26	0.5
FLJ00404, IL17RD, MAP2K1, MAP2K2	0.26	0.5
ATF1, CD8A, CREB1, HLA-G, SLC20A1	0.26	0.4
ARAF, BRAF, KSR1, MAP3K11, PAQR3	0.26	0.4
CA2, CA9, CBFB, GATA1, GATA2, HDAC4, HDAC5, MTA2, RHAG, SLC4A1, TAL1, ZEB1, ZFPM2	0.26	0.38
MAGI1, PARD6G, PTEN	0.26	0.33
APAF1, BAK1, BIRC6, BIRC8, CASP9, DIABLO	0.26	0.33
GATA3, MTA3, ZFPM2	0.26	0.33
PLA2G4F, PLCG1, RASGRP1	0.26	0.33
NCBP1, NCBP2, ZRSR2	0.26	0.33
EBF1, MTOR, NFKB1, NFYB, SMARCD3, SP1, SREBF1, ZNF556	0.26	0.25
AGR2, BCL11A, DEAF1, MEF2C	0.26	0.25
AIRE, CAMK4, CREBBP, CTBP1, DKFZP686N2325, NOS3, RUNX1, SMARCC1, TRIM28	0.26	0.22
AR, CDK6, CDKN2A, E2F1, PRMT2, RBL2	0.25	0.5
CDK6, CDK7, CNPPD1, MNAT1, RUNX1, TCF3, ZNF830	0.25	0.43
CD274, PDCD1, TRAV8-4	0.25	0.33
BCL9, HELLS, PYGO2	0.25	0.33
CCNG1, MDM2, PTPA	0.25	0.33
BCAM, BTK, SIRPB1, SYK, TLR4, TYROBP	0.25	0.33
ATP2B3, KCNQ3, PRKG2, TRPV4	0.25	0.25
CETP, ETV4, TIMP1, TIMP2	0.25	0.25
MYC, PHF19, PRMT1, ZBTB7A	0.25	0.25
DICER1, PRKRA, STRBP, TARBP2	0.25	0.25
CEBPA, DHRS2, MYBL1, TSC22D3	0.25	0.25
HEY1, LDB1, LMO1, MYB, MYOD1, NEUROD2, NHLH1, TCF3	0.24	0.62
CCNC, CDK4, SRPK1, STK17A	0.24	0.5
HOXA5, PBX1, PBX2, TLX1	0.24	0.5
ATF1, CD74, CDK11A, CREB1, CREB3L3, HLA-G, PRKD1, ZNF516	0.24	0.38
ATF1, CD74, CREB1, CREB3L3, HLA-G, PRKD1, SLC25A21, ZNF516	0.24	0.38
ATF1, CD74, CREB1, CREB3L3, HLA-G, MOG, PRKD1, ZNF516	0.24	0.38
ATF1, CD74, CREB1, CREB3L3, HLA-G, MSMB, PRKD1, ZNF516	0.24	0.38
ATF1, CD74, CREB1, CREB3L3, HLA-G, PRKD1, SLC5A5, ZNF516	0.24	0.38
AICDA, ATF4, BCL2, CAMK2G, EP300, MEF2C, RHOH, STAT4	0.24	0.38
CREB1, CYP11B1, NR5A1	0.24	0.33
TJP1, TJP2, WWTR1	0.24	0.33
GRB14, PTPRB, TEK	0.24	0.33
S100A7, S100A8, S100A9	0.24	0.33
CCND3, RIPK1, SP110, STAT2, STAT3, STAT4, ZNF595	0.24	0.29
CCND3, RIPK1, RYDEN, STAT2, STAT3, STAT4, ZNF595	0.24	0.29
KMT2A, KMT2B, PRMT6, ZFPM1	0.24	0.25
BCLAF1, CEACAM5, CEACAM6, PTPRH	0.24	0.25
HSBP1, MSH6, RPA2, RPA3	0.24	0.25
MSH6, PPP4R2, RPA2, RPA3	0.24	0.25
DPY30, DYDC1, KMT2A, ZFPM1	0.24	0.25
ADAM17, NRG2, NRG3, PRKCB	0.24	0.25
HOXA5, HOXD10, PBX1, PBX2	0.24	0.25
ATM, CDKN1A, DDB1, HIPK3, HIPK4, HSP90AB1, RASSF5, RPL11, SUMO2, TP53, UBE2D1, ZNF420	0.24	0.25
IFNB1, IL5, IRF4, JUN, LEPR, MACC1, REL	0.23	0.57
DKFZP686J1569, FAN1, MLH1, PMS2	0.23	0.5
ATF4, BCL2, CAMK2G, EP300, KAT2B, MDM2, MYSM1, STAT4	0.23	0.38
HIST1H1E, HIST1H1T, TCF7L2	0.23	0.33
CEBPE, JUN, NOL3	0.23	0.33
ASCL1, HEY1, NEUROG2, TAF7, TCF12, TCF3	0.23	0.33
NCKIPSD, WAS, WIPF3	0.23	0.33
NCKIPSD, WAS, WIPF2	0.23	0.33
FGF21, MYC, SLC2A1	0.23	0.33
CDC42BPB, CEBPB, FLT4, IL6, IL6R, JAK2, MAP2K2, MAP2K5, NTF3, SHC3	0.23	0.3
FLJ00404, GNA11, GNAQ, KALRN, PTGER1, TUB, TULP1	0.23	0.29
CSF2, EMP3, FGF2, FOSL1, IFNB1, JUN, REL, SDC2	0.23	0.25
CSF2, FGF2, FOSL1, IFNB1, JUN, PXT1, REL, SDC2	0.23	0.25
CLCN6, CSF2, FGF2, FOSL1, IFNB1, JUN, REL, SDC2	0.23	0.25
APOBEC3B, APOBEC3G, CUL5, RNF7	0.23	0.25
APAF1, CASP3, CASP6, TOP1	0.23	0.25
ATRX, SEPT5, SEPT6, SEPT7	0.23	0.25
ATF7IP, SETDB1, SETDB2, SUV39H2	0.23	0.25
CTNNB1, ROBO1, VASP, ZYX	0.23	0.25
CENPU, CENPX, KNL1, NPM1, OIP5, RSF1, RUVBL1, SMARCA1, SMARCA5	0.23	0.22
LATS1, MARK1, MARK4, STK11	0.22	0.5
ACHE, ATF1, CD8A, COLQ, CREB1, HLA-G	0.22	0.33
AR, HOXB13, TCF4	0.22	0.33
MCPH1, NCAPH2, SET	0.22	0.33
FOXP1, PRDM14, ZSCAN10	0.22	0.33
CREB1, NCEH1, NR5A1	0.22	0.33
CCT6A, GNB5, PDCL, RGS7	0.22	0.25
ACTB, VASP, WAS, ZYX	0.22	0.25
CBLC, DKFZP686B23205, IGF1R, SH3GL3	0.22	0.25
ALDH1A1, HOXA10, HOXA9, MEIS1, PBX1, PBX2, TLX1	0.21	0.43
EFNA1, FLT3, IGF1, PTK6, PTPN1, STAP2, STAT3	0.21	0.43
POLQ, RAD51, RAD54L	0.21	0.33
CNBP, RPL7, RSL24D1	0.21	0.33
FOXC1, FOXC2, SUZ12	0.21	0.33
AJUBA, CD93, EP300, GATA2, IRF3, JUP, TRAF3	0.21	0.29
CGA, CGB3, TSHB, TSHR	0.21	0.25
FCGR3B, LILRA5, LILRB1, SYK	0.21	0.25
ARHGAP5, ARHGEF1, KIAA0142, RAC3	0.21	0.25
NFE2L2, SQSTM1, UBC, WAC	0.21	0.25
CEBPB, HMGA1, IGSF1, ZBTB7A	0.21	0.25
