Comunidade	Coeficiente	Precisão (%)
KITLG SOCS1 STAT5B	0.66	0.67
CDC42 FYN GNAI2 PIK3R2 RAC1 TAS2R4	0.53	0.33
EGFR EGR1 HSP90AA1 MAPK1 PLA2G2D	0.51	0.4
DAP3 MAPK1 MAPK3 MRPS23	0.51	0.25
ADTRP RAC1 RELA STAT3	0.47	0.5
CDH1 CTNNA1 EXOC4 EXOC6B	0.47	0.25
AKT1 NFKB1 RAC2 RHEBL1	0.46	0.25
FOXA1 HNF4G NR0B2	0.45	0.33
DUSP19 MAPK8 RAC2 RHOA	0.44	0.25
ACOX1 APOB CEBPA FOXA1 RXRA	0.44	0.4
FLJ00092 HDAC1 RARA UBE2I	0.40	0.25
DAP3 MAPK1 MRPL27 SP1 SRC	0.39	0.4
ACTB CASP3 CTNNB1 RBX1 SRY	0.39	0.4
PARP1 RBBP8 RFC2 SPEN	0.39	0.25
BRCA1 FKBP6 UBE2I UBE2N	0.38	0.25
DKFZP686L02273 FOS JUN MAPK1	0.38	0.5
GNG3 MAPK12 RAC1 SNTA1	0.38	0.25
PYGO2 SMAD1 SMAD4 YAP1	0.38	0.25
BRCA1 NUDT2 UBE2D1 UBE2N	0.38	0.25
CTNNB1 EP300 RPS27A TRIM37	0.38	0.5
CDK4 CDKN2D PSMD10 RB1	0.37	0.5
ERBB2 ETS1 HIF1A NELL1 TP53	0.36	0.6
NDEL1 NUP43 SMC1A UBE2I	0.36	0.25
AKT1 GNB1 GPR18 PIK3R1	0.34	0.5
ETV4 FOXA1 GSK3B HDAC1 HIST1H4A SELENBP1 TBP	0.33	0.29
FTH1 IRF9 PIK3R1 PLCG1 STAT3	0.33	0.6
ATP6V0A4 EGFR LYN MAPK1 NFKB1 PIK3R3 PTK2	0.33	0.29
KRAS PILRA PTPN11 RPS27A	0.33	0.5
CTNNA1 GNAI2 GNG13 HRAS MLLT4 RAP1B RHOA	0.33	0.29
CEBPA CEBPB FOS LOXL2	0.33	0.25
EP300 HLA-DRA JUN KYNU STAT3	0.32	0.6
ATP6V1A ATP6V1F EGFR JAK2 RHOA VATD	0.32	0.5
CREBBP H3F3A MYC NCOA2 NFIC RBBP4 SLC30A9	0.32	0.43
ADAMTS8 CTCF MAPK1 MYC POLR2G TCF12	0.32	0.5
FOS PDGFB STAT3 ZNF689	0.32	0.5
MYBPC2 MYL4 TPM3 TTN	0.32	0.25
BARD1 DNA2 EME1 POLA1	0.31	0.25
CXXC5 ESR1 JUN PRKACA	0.31	0.75
CDC42 CDK4 CHRNB1 CHRNG GAB2 JAK2 VAV1	0.30	0.43
BRCA1 CDK1 SPDYE2 UBA52	0.30	0.25
CCND1 MAPK1 NFKB1 NRARP STAT1 ZBTB7A	0.30	0.33
EGR1 ETS1 MAPK1 STAT1 TNF TP53 USP42	0.30	0.29
CAT FOXO1 FOXO4	0.30	0.67
CDK4 CEACAM8 EP300 GRB2 ITGB1	0.30	0.4
CBLL1 CLTCL1 MET UBA52 UBC	0.30	0.4
ARL8B CTCF EP300 RXRA	0.29	0.5
CEBPB FOXA1 HES7 NOTCH3	0.29	0.25
CRK IGHV1OR15-1 IGKC PIK3R1	0.29	0.25
ACSL5 AKT1 PDPK1 RXRB	0.29	0.25
C3 EGFR ESR1 FYN GIT2 GNAI3 GNG5 RAC1	0.29	0.38
GRPEL1 HSPA8 PABPC1 UBB	0.28	0.25
ARX HDAC2 PPARG RPS27A SUZ12 TFAP2A TLE1 UBE2I	0.28	0.25
AKT1 LFNG NFKB1 NOTCH1	0.28	0.5
AP2A2 HIPK4 IFNB1 IL12B MAPK1 NFKB1 TP53 YWHAE	0.28	0.38
CTNNB1 PCDHGB3 PSME4 TP53	0.28	0.5
DYNLL2 PLK1 RAD21 SEC13 SMC1A SUN1 SUN3 SYNE3	0.28	0.25
APBB1IP CRK SYK	0.27	0.33
JUN MAT1A MAT2A METK NCOA1 SP1 SRC	0.27	0.29
BSG MAPK1 MAPK3 SLC16A8	0.27	0.25
CTBP2 CTNNB1 POLR2A POLR2K SMAD2 SMAD4 ZEB2	0.27	0.43
ASCL4 EP300 MAX TCF12	0.27	0.5
GNAI1 HIF1A IL21 PDGFRB SHC1 STAT3	0.27	0.5
EP300 GTF2H2 THAP5 USF1	0.26	0.25
PIK3CA PIK3R3 TRAF2 USP48	0.26	0.25
NUP160 SRSF2 TCF25 WDR33 XPO1	0.26	0.4
CBL IL1RAP IL36B MET PDGFRA SRC WASL	0.26	0.57
GRIN2A GRIN2C LRFN2	0.26	0.33
CDK1 PPP1CC RAD21 WAPL	0.26	0.25
JUN PITX3 RELA UBE2I XPO1	0.25	0.4
AKT1 CREBBP GMPS HDAC2 LCK MEF2C NFKB1 NOS3	0.25	0.38
AMELY CREBBP NFIC TP53	0.25	0.5
GNA11 GNG8 GNGT2 PIK3CB PLCB2 RAC1 TACR2	0.25	0.43
EDN1 GNA11 GNA15 MAPK8 PLCL2 RAC1	0.25	0.33
HLA-A LILRB2 PTPN6	0.25	0.33
AKT2 HSP90AA1 HSP90AB1 HSP90AF	0.25	0.25
BLZF1 PLK1 PRKACA YWHAE	0.25	0.5
AKT2 ATP6V1G1 EGFR LAMTOR1 MAPK1 PIK3R1 PRKAB2 PRKCA YES1	0.24	0.44
ACTR3 JUN PDGFRB RPS27A SRC TWF2 UBB	0.24	0.43
CD3D CLTCL1 NECAP1 SNAP91	0.24	0.25
ARHGAP25 RAC3 RHOA	0.24	0.33
CDH1 PCDHA12 POLR2C SMAD4 UBC	0.24	0.4
FXYD1 PRKACA PRKACB PXN	0.24	0.25
DOK4 GFRA3 GRB2 HRAS IGF1R PIK3R1 PSPN SRC	0.24	0.38
ASCL1 BUB3 CTCF FOXS1 MYC POLR2D RAD21 STAT3	0.23	0.5
CTCF NAE1 NEDD8 PSMC3 TP53 UBE1C	0.23	0.33
CCND1 KAT8 PSMB11 PSMB7 TP53	0.23	0.4
ASAH1 EPHA2 EPO HLA-DQA2 IL7R LAT PDGFA PTPN11	0.23	0.25
AKT1 EP300 GNS JUN MAX RBBP7	0.23	0.67
CTCFL FOS HDAC2 MAPK3 MED16 MYC NCOA3 SMYD3 SP1 TAL1 TBP TP53	0.23	0.25
CXCR4 GIP GNB1 VAV1	0.23	0.5
CEBPA CEBPB CREB1 FOXA2 HLA-DRB4 UTP14C	0.23	0.33
ARPC4 FYN IGKC IGLV3-27 PIK3R1 PIK3R2 SRC TIRAP	0.23	0.38
POLR2D POLR2E SUZ12 VAX1	0.23	0.25
MAPK3 MAPK8 PRKACA PTPN11 RHOA STAT3 TNF UNC5C	0.23	0.5
HRAS NRAS PDGFRA PLCG2 PPP2R1A TFG TGFA TSSK2	0.22	0.5
IFNA8 IRF3 JUN S100A10	0.22	0.25
CEBPB CREBBP CTNNB1 GART MYC PFAS RUNX2 SMAD3 STAT1	0.22	0.44
AKT1 C14ORF46 EP300 FOXM1 HIF1A	0.22	0.6
APC CSNK2B CTNNB1 PSME2 PTPRB	0.22	0.6
GDI1 NOXO1 RAC1 RHOQ	0.22	0.25
MAGEH1 MAPK1 NGF RAC1	0.22	0.5
CD101 LCK PLCG1 SRC	0.22	0.75
CTCF HOXB7 JAK1 MAP2K1 SHC1 USF1	0.22	0.5
GTF2H3 HSBP1 POLD1 RPA1	0.22	0.25
APC ARRB2 PPP6C	0.22	0.67
ESR1 GATA1 MAPK1 PRKACB TEX19	0.22	0.6
BLK EPHA3 PTK2 PTPN11 STAT1 STAT3 ZNF395	0.21	0.43
POLR2J PPIL1 SRSF3	0.21	0.33
CREBBP CTBP2 EP400 FOXJ1 HNF4A LEF1 SMAD4	0.21	0.43
F13A1 HSP90AA1 ITGA9 ITGAD ITGB1 PLCG1 PTK2 RAC1 SHC1 SRC V5-1	0.21	0.27
CDKN1B GML NFKB1 PSMA1 TP53	0.21	0.4
EGR1 GNB1 GNG7 MAPK8 NRAS RB1 RPL10 TPT1	0.21	0.38
CREBBP EGF EP300 GSK3B H3F3A MYLPF PPP1CC RPS27 SEC13	0.21	0.22
EP300 GAPD GAPDH MAPK1 SPI1	0.21	0.4
CTNNB1 FGFR1 KRIT1 PIK3R1	0.21	0.75
CD4 EP300 LOXL3 UBC	0.21	0.25
CASC3 CWC22 DHX9 FIP1L1 NUP107 PPIE SRSF2 SRSF3	0.21	0.25
FCGR2B GNB1 HRAS HSP90AA1 OR2AT4 PLCG1 UBA52	0.21	0.43
AR DCTN6 DNAH1 DYNLL1	0.21	0.25
ARHGAP10 FGFR2 PIK3CB PLCG1 RAC1 RHOBTB1 SOS1	0.20	0.57
GNAQ GNB1 MAPK14 PRKAG1 PROKR1 SRC	0.20	0.33
CKS2 GNB4 MYC NF1 NTRK1 PIK3R2 PLCG2 RHOJ SOS1 STAT3	0.20	0.5
CDK4 CRABP1 CYP26C1 EP300 ESR1 GNAL GNB1 GNG2 H3F3A MAPK13 POLR2A POLR2I	0.20	0.25
ATF4 BCL2 BIK BRCA1 CREBBP EP300	0.20	0.67
EIF2AK2 MYD88 TOLLIP	0.20	0.33
CTNNB1 FABP3 JUN OR2W1 PRKACA PRKACG	0.20	0.5
MOB1B MYC PPP2R1A WWTR1 YAP1 YWHAQ	0.20	0.5
